[2024-07-19 00:29:32] [User: sm] ----------------------------------------------------------------------------------------
[2024-07-19 00:29:32] [User: sm]                           AUTOMATIC KEY SYNCING APPLICATION                             
[2024-07-19 00:29:32] [User: sm] ----------------------------------------------------------------------------------------
[2024-07-19 00:29:32] [User: sm] Checking current config.properties...:
[2024-07-19 00:29:32] [User: sm] Source HSM IP: 
[2024-07-19 00:29:32] [User: sm] Source SLOT: 
[2024-07-19 00:29:32] [User: sm] Target HSM IP: 
[2024-07-19 00:29:32] [User: sm] Target SLOT: 
[2024-07-19 00:29:32] [User: sm] ----------------------------------------------------------------------------------------
[2024-07-19 00:29:32] [User: sm] Choose function:
[2024-07-19 00:29:32] [User: sm] 1. Encrypt PIN
[2024-07-19 00:29:32] [User: sm] 2. Backup HSM
[2024-07-19 00:29:32] [User: sm] 3. Restore HSM
[2024-07-19 00:29:32] [User: sm] 4. Automatic backup all keys from HSM  to  
[2024-07-19 00:29:32] [User: sm] 5. Exit.
[2024-07-19 00:30:00] [User: sm] Listkeys from source HSM 
[2024-07-19 00:41:32] [User: sm] Enter the name of the key you want to back up
[2024-07-19 00:41:44] [User: sm] ----------------------------------------------------------------------------------------
[2024-07-19 00:41:44] [User: sm]                           AUTOMATIC KEY SYNCING APPLICATION                             
[2024-07-19 00:41:44] [User: sm] ----------------------------------------------------------------------------------------
[2024-07-19 00:41:44] [User: sm] Checking current config.properties...:
[2024-07-19 00:41:44] [User: sm] Source HSM IP: 
[2024-07-19 00:41:44] [User: sm] Source SLOT: 
[2024-07-19 00:41:44] [User: sm] Target HSM IP: 
[2024-07-19 00:41:44] [User: sm] Target SLOT: 
[2024-07-19 00:41:44] [User: sm] ----------------------------------------------------------------------------------------
[2024-07-19 00:41:44] [User: sm] Choose function:
[2024-07-19 00:41:44] [User: sm] 1. Encrypt PIN
[2024-07-19 00:41:44] [User: sm] 2. Backup HSM
[2024-07-19 00:41:44] [User: sm] 3. Restore HSM
[2024-07-19 00:41:44] [User: sm] 4. Automatic backup all keys from HSM  to  
[2024-07-19 00:41:44] [User: sm] 5. Exit.
[2024-07-19 00:41:48] [User: sm] Listkeys from source HSM 
[2024-07-19 00:44:35] [User: sm] ----------------------------------------------------------------------------------------
[2024-07-19 00:44:35] [User: sm]                           AUTOMATIC KEY SYNCING APPLICATION                             
[2024-07-19 00:44:35] [User: sm] ----------------------------------------------------------------------------------------
[2024-07-19 00:44:35] [User: sm] Checking current config.properties...:
[2024-07-19 00:44:35] [User: sm] Source HSM IP: 3001@127.0.0.1
[2024-07-19 00:44:35] [User: sm] Source SLOT: SLOT_0000
[2024-07-19 00:44:35] [User: sm] Target HSM IP: 3001@127.0.0.1
[2024-07-19 00:44:35] [User: sm] Target SLOT: SLOT_0000
[2024-07-19 00:44:35] [User: sm] ----------------------------------------------------------------------------------------
[2024-07-19 00:44:35] [User: sm] Choose function:
[2024-07-19 00:44:35] [User: sm] 1. Encrypt PIN
[2024-07-19 00:44:35] [User: sm] 2. Backup HSM
[2024-07-19 00:44:35] [User: sm] 3. Restore HSM
[2024-07-19 00:44:35] [User: sm] 4. Automatic backup all keys from HSM 3001@127.0.0.1 to 3001@127.0.0.1 
[2024-07-19 00:44:35] [User: sm] 5. Exit.
[2024-07-19 00:44:42] [User: sm] Listkeys from source HSM 3001@127.0.0.1
[2024-07-19 00:47:01] [User: sm] Backing up all keys...
[2024-07-19 00:47:01] [User: sm] ----------------------------------------------------------------------------------------
[2024-07-19 00:47:01] [User: sm] Choose function:
[2024-07-19 00:47:01] [User: sm] 1. Encrypt PIN
[2024-07-19 00:47:01] [User: sm] 2. Backup HSM
[2024-07-19 00:47:01] [User: sm] 3. Restore HSM
[2024-07-19 00:47:01] [User: sm] 4. Automatic backup all keys from HSM 3001@127.0.0.1 to 3001@127.0.0.1 
[2024-07-19 00:47:01] [User: sm] 5. Exit.
[2024-07-19 00:47:07] [User: sm] Listing keys from source HSM 3001@127.0.0.1

idx algo  size type     group                    name                             spec
--------------------------------------------------------------------------------------
1   AES   256  sec      SLOT_0000                AES_DEMO_Key                     -1
2   DSA   2048 pub+prv  SLOT_0000                DSA_DEMO_KEY                     -1
3   ECDSA 256  pub+prv  SLOT_0000                ECC_DEMO_KEY                     -1
4   ECDH  256  pub+prv  SLOT_0000                ECDH_KEY1                        -1
5   ECDH  256  pub      SLOT_0000                ECDH_KEY2                        -1
6   RSA   2048 pub+prv  SLOT_0000                RSA_DEMO_KEY                     -1

[2024-07-19 00:47:07] [User: sm] Backing up all keys to the current directory...
/home/sm/146/keysync/SLOT_0000_ECDH_KEY2.kbk
/home/sm/146/keysync/SLOT_0000_ECDH_KEY1.kbk
/home/sm/146/keysync/SLOT_0000_RSA_DEMO_KEY.kbk
/home/sm/146/keysync/SLOT_0000_ECC_DEMO_KEY.kbk
/home/sm/146/keysync/SLOT_0000_AES_DEMO_Key.kbk
/home/sm/146/keysync/SLOT_0000_DSA_DEMO_KEY.kbk

6 key(s) backed up
[2024-07-19 00:47:07] [User: sm] Listing backup key files in the current directory
[2024-07-19 00:47:07] [User: sm] ----------------------------------------------------------------------------------------
-rw-rw-r-- 1 sm sm  292 Jul 19 00:47 SLOT_0000_AES_DEMO_Key.kbk
-rw-rw-r-- 1 sm sm 1.1K Jul 19 00:47 SLOT_0000_DSA_DEMO_KEY.kbk
-rw-rw-r-- 1 sm sm  308 Jul 19 00:47 SLOT_0000_ECC_DEMO_KEY.kbk
-rw-rw-r-- 1 sm sm  313 Jul 19 00:47 SLOT_0000_ECDH_KEY1.kbk
-rw-rw-r-- 1 sm sm  255 Jul 19 00:47 SLOT_0000_ECDH_KEY2.kbk
-rw-rw-r-- 1 sm sm 2.4K Jul 19 00:47 SLOT_0000_RSA_DEMO_KEY.kbk
[2024-07-19 00:47:07] [User: sm] ----------------------------------------------------------------------------------------
[2024-07-19 00:47:07] [User: sm] Restoring all keys to target HSM 3001@127.0.0.1
[2024-07-19 00:47:07] [User: sm] 1 key(s) out of 6 have been restored to HSM 3001@127.0.0.1
[2024-07-19 00:47:07] [User: sm] 2 key(s) out of 6 have been restored to HSM 3001@127.0.0.1
[2024-07-19 00:47:07] [User: sm] 3 key(s) out of 6 have been restored to HSM 3001@127.0.0.1
[2024-07-19 00:47:07] [User: sm] 4 key(s) out of 6 have been restored to HSM 3001@127.0.0.1
[2024-07-19 00:47:07] [User: sm] 5 key(s) out of 6 have been restored to HSM 3001@127.0.0.1
[2024-07-19 00:47:07] [User: sm] 6 key(s) out of 6 have been restored to HSM 3001@127.0.0.1
[2024-07-19 00:47:07] [User: sm] Listing keys from target HSM 3001@127.0.0.1

idx algo  size type     group                    name                             spec
--------------------------------------------------------------------------------------
1   AES   256  sec      SLOT_0000                AES_DEMO_Key                     -1
2   DSA   2048 pub+prv  SLOT_0000                DSA_DEMO_KEY                     -1
3   ECDSA 256  pub+prv  SLOT_0000                ECC_DEMO_KEY                     -1
4   ECDH  256  pub+prv  SLOT_0000                ECDH_KEY1                        -1
5   ECDH  256  pub      SLOT_0000                ECDH_KEY2                        -1
6   RSA   2048 pub+prv  SLOT_0000                RSA_DEMO_KEY                     -1

[2024-07-19 00:47:07] [User: sm] ----------------------------------------------------------------------------------------
[2024-07-19 00:47:07] [User: sm] Choose function:
[2024-07-19 00:47:07] [User: sm] 1. Encrypt PIN
[2024-07-19 00:47:07] [User: sm] 2. Backup HSM
[2024-07-19 00:47:07] [User: sm] 3. Restore HSM
[2024-07-19 00:47:07] [User: sm] 4. Automatic backup all keys from HSM 3001@127.0.0.1 to 3001@127.0.0.1 
[2024-07-19 00:47:07] [User: sm] 5. Exit.
[2024-07-19 00:47:24] [User: sm] Exit.
