[2024-07-15 16:35:35] [User: root] ----------------------------------------------------------------------------------------
[2024-07-15 16:35:35] [User: root]                           AUTOMATIC KEY SYNCING APPLICATION                             
[2024-07-15 16:35:35] [User: root] ----------------------------------------------------------------------------------------
[2024-07-15 16:35:35] [User: root] Checking current config.properties...:
[2024-07-15 16:35:35] [User: root] Source HSM IP: 3001@192.168.100.146
[2024-07-15 16:35:35] [User: root] Source SLOT: SLOT_0000
[2024-07-15 16:35:35] [User: root] Target HSM IP: 3001@192.168.100.146
[2024-07-15 16:35:35] [User: root] Target SLOT: SLOT_0000
[2024-07-15 16:35:35] [User: root] ----------------------------------------------------------------------------------------
[2024-07-15 16:35:35] [User: root] Choose function:
[2024-07-15 16:35:35] [User: root] 1. Encrypt PIN
[2024-07-15 16:35:35] [User: root] 2. Backup HSM
[2024-07-15 16:35:35] [User: root] 3. Restore HSM
[2024-07-15 16:35:35] [User: root] 4. Automatic backup all keys from HSM 3001@192.168.100.146 to 3001@192.168.100.146 
[2024-07-15 16:35:35] [User: root] 5. Exit.
[2024-07-15 16:35:44] [User: root] Listing keys from source HSM 3001@192.168.100.146

idx algo    size type     group                    name                             spec
----------------------------------------------------------------------------------------
1   ECDSA   256  pub+prv  SLOT_0000                ECC_DEMO_KEY                     
2   ECDH    256  pub+prv  SLOT_0000                ECDH_KEY1                        
3   ECDH    256  pub      SLOT_0000                ECDH_KEY2                        
4   RSA     2048 pub+prv  SLOT_0000                RSA_DEMO_KEY                     

[2024-07-15 16:35:44] [User: root] Backing up all keys to the current directory...
/root/SLOT_0000_ECDH_KEY2.kbk
/root/SLOT_0000_ECDH_KEY1.kbk
/root/SLOT_0000_RSA_DEMO_KEY.kbk
/root/SLOT_0000_ECC_DEMO_KEY.kbk

4 key(s) backed up
[2024-07-15 16:35:45] [User: root] Listing backup key files in the current directory
[2024-07-15 16:35:45] [User: root] ----------------------------------------------------------------------------------------
-rw-r--r--. 1 root root  308 Jul 15 16:30 SLOT_0000_ECC_DEMO_KEY.kbk
-rw-r--r--. 1 root root  313 Jul 15 16:30 SLOT_0000_ECDH_KEY1.kbk
-rw-r--r--. 1 root root  255 Jul 15 16:30 SLOT_0000_ECDH_KEY2.kbk
-rw-r--r--. 1 root root 2.4K Jul 15 16:30 SLOT_0000_RSA_DEMO_KEY.kbk
[2024-07-15 16:35:45] [User: root] ----------------------------------------------------------------------------------------
[2024-07-15 16:35:45] [User: root] Restoring all keys to target HSM 3001@192.168.100.146
[2024-07-15 16:35:45] [User: root] 1 key(s) out of 4 have been restored to HSM 3001@192.168.100.146
[2024-07-15 16:35:45] [User: root] 2 key(s) out of 4 have been restored to HSM 3001@192.168.100.146
[2024-07-15 16:35:45] [User: root] 3 key(s) out of 4 have been restored to HSM 3001@192.168.100.146
[2024-07-15 16:35:45] [User: root] 4 key(s) out of 4 have been restored to HSM 3001@192.168.100.146
[2024-07-15 16:35:45] [User: root] Listing keys from target HSM 3001@192.168.100.146

idx algo    size type     group                    name                             spec
----------------------------------------------------------------------------------------
1   ECDSA   256  pub+prv  SLOT_0000                ECC_DEMO_KEY                     
2   ECDH    256  pub+prv  SLOT_0000                ECDH_KEY1                        
3   ECDH    256  pub      SLOT_0000                ECDH_KEY2                        
4   RSA     2048 pub+prv  SLOT_0000                RSA_DEMO_KEY                     

[2024-07-15 16:35:45] [User: root] Parsed cxitool output:
[2024-07-15 16:35:45] [User: root] Parsed cxitool output:
[2024-07-15 16:35:45] [User: root] 1   ECDSA   256  pub+prv  SLOT_0000                ECC_DEMO_KEY                     
[2024-07-15 16:35:45] [User: root] 1   ECDSA   256  pub+prv  SLOT_0000                ECC_DEMO_KEY                     
[2024-07-15 16:35:45] [User: root] 2   ECDH    256  pub+prv  SLOT_0000                ECDH_KEY1                        
[2024-07-15 16:35:45] [User: root] 2   ECDH    256  pub+prv  SLOT_0000                ECDH_KEY1                        
[2024-07-15 16:35:45] [User: root] 3   ECDH    256  pub      SLOT_0000                ECDH_KEY2                        
[2024-07-15 16:35:45] [User: root] 3   ECDH    256  pub      SLOT_0000                ECDH_KEY2                        
[2024-07-15 16:35:45] [User: root] 4   RSA     2048 pub+prv  SLOT_0000                RSA_DEMO_KEY                     
[2024-07-15 16:35:45] [User: root] 4   RSA     2048 pub+prv  SLOT_0000                RSA_DEMO_KEY                     
Index: 1, Algorithm: ECDSA, Size: 256, Type: pub+prv, Group: SLOT_0000, Name: ECC_DEMO_KEY, Spec: ECC_DEMO_KEY
Index: 2, Algorithm: ECDH, Size: 256, Type: pub+prv, Group: SLOT_0000, Name: ECDH_KEY1, Spec: ECDH_KEY1
Index: 3, Algorithm: ECDH, Size: 256, Type: pub, Group: SLOT_0000, Name: ECDH_KEY2, Spec: ECDH_KEY2
Index: 4, Algorithm: RSA, Size: 2048, Type: pub+prv, Group: SLOT_0000, Name: RSA_DEMO_KEY, Spec: RSA_DEMO_KEY
[2024-07-15 16:35:45] [User: root] Error: Less than 14 lines of output from cxitool.
[2024-07-15 16:35:45] [User: root] Error: Less than 14 lines of output from cxitool.
[2024-07-15 16:35:45] [User: root] ----------------------------------------------------------------------------------------
[2024-07-15 16:35:45] [User: root] Choose function:
[2024-07-15 16:35:45] [User: root] 1. Encrypt PIN
[2024-07-15 16:35:45] [User: root] 2. Backup HSM
[2024-07-15 16:35:45] [User: root] 3. Restore HSM
[2024-07-15 16:35:45] [User: root] 4. Automatic backup all keys from HSM 3001@192.168.100.146 to 3001@192.168.100.146 
[2024-07-15 16:35:45] [User: root] 5. Exit.
[2024-07-15 16:36:03] [User: root] Exit.
[2024-07-15 16:36:56] [User: root] ----------------------------------------------------------------------------------------
[2024-07-15 16:36:56] [User: root]                           AUTOMATIC KEY SYNCING APPLICATION                             
[2024-07-15 16:36:56] [User: root] ----------------------------------------------------------------------------------------
[2024-07-15 16:36:56] [User: root] Checking current config.properties...:
[2024-07-15 16:36:56] [User: root] Source HSM IP: 3001@192.168.100.146
[2024-07-15 16:36:56] [User: root] Source SLOT: SLOT_0000
[2024-07-15 16:36:56] [User: root] Target HSM IP: 3001@192.168.100.146
[2024-07-15 16:36:56] [User: root] Target SLOT: SLOT_0000
[2024-07-15 16:36:56] [User: root] ----------------------------------------------------------------------------------------
[2024-07-15 16:36:56] [User: root] Choose function:
[2024-07-15 16:36:56] [User: root] 1. Encrypt PIN
[2024-07-15 16:36:56] [User: root] 2. Backup HSM
[2024-07-15 16:36:56] [User: root] 3. Restore HSM
[2024-07-15 16:36:56] [User: root] 4. Automatic backup all keys from HSM 3001@192.168.100.146 to 3001@192.168.100.146 
[2024-07-15 16:36:56] [User: root] 5. Exit.
[2024-07-15 16:36:58] [User: root] Listing keys from source HSM 3001@192.168.100.146

idx algo    size type     group                    name                             spec
----------------------------------------------------------------------------------------
1   ECDSA   256  pub+prv  SLOT_0000                ECC_DEMO_KEY                     
2   ECDH    256  pub+prv  SLOT_0000                ECDH_KEY1                        
3   ECDH    256  pub      SLOT_0000                ECDH_KEY2                        
4   RSA     2048 pub+prv  SLOT_0000                RSA_DEMO_KEY                     

[2024-07-15 16:36:58] [User: root] Backing up all keys to the current directory...
/root/SLOT_0000_ECDH_KEY2.kbk
/root/SLOT_0000_ECDH_KEY1.kbk
/root/SLOT_0000_RSA_DEMO_KEY.kbk
/root/SLOT_0000_ECC_DEMO_KEY.kbk

4 key(s) backed up
[2024-07-15 16:36:59] [User: root] Listing backup key files in the current directory
[2024-07-15 16:36:59] [User: root] ----------------------------------------------------------------------------------------
-rw-r--r--. 1 root root  308 Jul 15 16:30 SLOT_0000_ECC_DEMO_KEY.kbk
-rw-r--r--. 1 root root  313 Jul 15 16:30 SLOT_0000_ECDH_KEY1.kbk
-rw-r--r--. 1 root root  255 Jul 15 16:30 SLOT_0000_ECDH_KEY2.kbk
-rw-r--r--. 1 root root 2.4K Jul 15 16:30 SLOT_0000_RSA_DEMO_KEY.kbk
[2024-07-15 16:36:59] [User: root] ----------------------------------------------------------------------------------------
[2024-07-15 16:36:59] [User: root] Restoring all keys to target HSM 3001@192.168.100.146
[2024-07-15 16:36:59] [User: root] 1 key(s) out of 4 have been restored to HSM 3001@192.168.100.146
[2024-07-15 16:36:59] [User: root] 2 key(s) out of 4 have been restored to HSM 3001@192.168.100.146
[2024-07-15 16:36:59] [User: root] 3 key(s) out of 4 have been restored to HSM 3001@192.168.100.146
[2024-07-15 16:37:00] [User: root] 4 key(s) out of 4 have been restored to HSM 3001@192.168.100.146
[2024-07-15 16:37:00] [User: root] Listing keys from target HSM 3001@192.168.100.146

idx algo    size type     group                    name                             spec
----------------------------------------------------------------------------------------
1   ECDSA   256  pub+prv  SLOT_0000                ECC_DEMO_KEY                     
2   ECDH    256  pub+prv  SLOT_0000                ECDH_KEY1                        
3   ECDH    256  pub      SLOT_0000                ECDH_KEY2                        
4   RSA     2048 pub+prv  SLOT_0000                RSA_DEMO_KEY                     

[2024-07-15 16:37:01] [User: root] Parsed cxitool output:
[2024-07-15 16:37:01] [User: root] Parsed cxitool output:
[2024-07-15 16:37:01] [User: root] 1   ECDSA   256  pub+prv  SLOT_0000                ECC_DEMO_KEY                     
[2024-07-15 16:37:01] [User: root] 1   ECDSA   256  pub+prv  SLOT_0000                ECC_DEMO_KEY                     
[2024-07-15 16:37:01] [User: root] 2   ECDH    256  pub+prv  SLOT_0000                ECDH_KEY1                        
[2024-07-15 16:37:01] [User: root] 2   ECDH    256  pub+prv  SLOT_0000                ECDH_KEY1                        
[2024-07-15 16:37:01] [User: root] 3   ECDH    256  pub      SLOT_0000                ECDH_KEY2                        
[2024-07-15 16:37:01] [User: root] 3   ECDH    256  pub      SLOT_0000                ECDH_KEY2                        
[2024-07-15 16:37:01] [User: root] 4   RSA     2048 pub+prv  SLOT_0000                RSA_DEMO_KEY                     
[2024-07-15 16:37:01] [User: root] 4   RSA     2048 pub+prv  SLOT_0000                RSA_DEMO_KEY                     
Index: 1, Algorithm: ECDSA, Size: 256, Type: pub+prv, Group: SLOT_0000, Name: ECC_DEMO_KEY, Spec: ECC_DEMO_KEY
Index: 2, Algorithm: ECDH, Size: 256, Type: pub+prv, Group: SLOT_0000, Name: ECDH_KEY1, Spec: ECDH_KEY1
Index: 3, Algorithm: ECDH, Size: 256, Type: pub, Group: SLOT_0000, Name: ECDH_KEY2, Spec: ECDH_KEY2
Index: 4, Algorithm: RSA, Size: 2048, Type: pub+prv, Group: SLOT_0000, Name: RSA_DEMO_KEY, Spec: RSA_DEMO_KEY
No key found matching name/group/spec

SYNTAX
      cxitool [Dev=<dev>] <auth> [Name=<name>] [Group=<group>] [Spec=<spec>] \
         [KeyStoreType=<keystoretype> KeyStoreParam=<keystoreparam>] KeyInfo

DESCRIPTION
      Display detailed information about a single key.
      Requires authentication by a cryptographic user or key manager.

PARAMETER
      dev
            Device specifier of the CryptoServer. Can be omitted if the
            environment variable 'CRYPTOSERVER' is set to the device specifier
            instead.
      auth
            Authentication commands. See LogonPass/LogonSign.
      name/group/spec
            These three attributes identify a key. Set at least one of them.
            - name: Name of the key. Arbitrary string.
            - group: CXI group of the key. User authenticating the operation
                     must have a matching CXI_GROUP attribute.
            - spec: Specifier of the key. Arbitrary non-negative integer.
      keystoretype
            Either SDB (for legacy .sdb files) or ODBC.
      keystoreparam
            For KeyStoreType SDB: A path to an external key store file
            /path/to/store.sdb.
            For KeyStoreType ODBC: The data source name as defined in format
            "DSN=DATA SOURCE NAME" or complete ODBC connection string.
KeyInfo failed
[2024-07-15 16:37:01] [User: root] ----------------------------------------------------------------------------------------
[2024-07-15 16:37:01] [User: root] Choose function:
[2024-07-15 16:37:01] [User: root] 1. Encrypt PIN
[2024-07-15 16:37:01] [User: root] 2. Backup HSM
[2024-07-15 16:37:01] [User: root] 3. Restore HSM
[2024-07-15 16:37:01] [User: root] 4. Automatic backup all keys from HSM 3001@192.168.100.146 to 3001@192.168.100.146 
[2024-07-15 16:37:01] [User: root] 5. Exit.
[2024-07-15 17:29:20] [User: root] Exit.
[2024-07-15 17:31:55] [User: root] ----------------------------------------------------------------------------------------
[2024-07-15 17:31:55] [User: root]                           AUTOMATIC KEY SYNCING APPLICATION                             
[2024-07-15 17:31:55] [User: root] ----------------------------------------------------------------------------------------
[2024-07-15 17:31:55] [User: root] Checking current config.properties...:
[2024-07-15 17:31:55] [User: root] Source HSM IP: 3001@192.168.100.146
[2024-07-15 17:31:55] [User: root] Source SLOT: SLOT_0000
[2024-07-15 17:31:55] [User: root] Target HSM IP: 3001@192.168.100.146
[2024-07-15 17:31:55] [User: root] Target SLOT: SLOT_0000
[2024-07-15 17:31:55] [User: root] ----------------------------------------------------------------------------------------
[2024-07-15 17:31:55] [User: root] Choose function:
[2024-07-15 17:31:55] [User: root] 1. Encrypt PIN
[2024-07-15 17:31:55] [User: root] 2. Backup HSM
[2024-07-15 17:31:55] [User: root] 3. Restore HSM
[2024-07-15 17:31:55] [User: root] 4. Automatic backup all keys from HSM 3001@192.168.100.146 to 3001@192.168.100.146 
[2024-07-15 17:31:55] [User: root] 5. Exit.
[2024-07-15 17:32:08] [User: root] Listing keys from source HSM 3001@192.168.100.146

idx algo    size type     group                    name                             spec
----------------------------------------------------------------------------------------
1   ECDSA   256  pub+prv  SLOT_0000                ECC_DEMO_KEY                     
2   ECDH    256  pub+prv  SLOT_0000                ECDH_KEY1                        
3   ECDH    256  pub      SLOT_0000                ECDH_KEY2                        
4   RSA     2048 pub+prv  SLOT_0000                RSA_DEMO_KEY                     

[2024-07-15 17:32:08] [User: root] Backing up all keys to the current directory...
/root/SLOT_0000_ECDH_KEY2.kbk
/root/SLOT_0000_ECDH_KEY1.kbk
/root/SLOT_0000_RSA_DEMO_KEY.kbk
/root/SLOT_0000_ECC_DEMO_KEY.kbk

4 key(s) backed up
[2024-07-15 17:32:08] [User: root] Listing backup key files in the current directory
[2024-07-15 17:32:08] [User: root] ----------------------------------------------------------------------------------------
-rw-r--r--. 1 root root  308 Jul 15 16:30 SLOT_0000_ECC_DEMO_KEY.kbk
-rw-r--r--. 1 root root  313 Jul 15 16:30 SLOT_0000_ECDH_KEY1.kbk
-rw-r--r--. 1 root root  255 Jul 15 16:30 SLOT_0000_ECDH_KEY2.kbk
-rw-r--r--. 1 root root 2.4K Jul 15 16:30 SLOT_0000_RSA_DEMO_KEY.kbk
[2024-07-15 17:32:08] [User: root] ----------------------------------------------------------------------------------------
[2024-07-15 17:32:08] [User: root] Restoring all keys to target HSM 3001@192.168.100.146
[2024-07-15 17:32:08] [User: root] 1 key(s) out of 4 have been restored to HSM 3001@192.168.100.146
[2024-07-15 17:32:09] [User: root] 2 key(s) out of 4 have been restored to HSM 3001@192.168.100.146
[2024-07-15 17:32:09] [User: root] 3 key(s) out of 4 have been restored to HSM 3001@192.168.100.146
[2024-07-15 17:32:09] [User: root] 4 key(s) out of 4 have been restored to HSM 3001@192.168.100.146
[2024-07-15 17:32:09] [User: root] Listing keys from target HSM 3001@192.168.100.146

idx algo    size type     group                    name                             spec
----------------------------------------------------------------------------------------
1   ECDSA   256  pub+prv  SLOT_0000                ECC_DEMO_KEY                     
2   ECDH    256  pub+prv  SLOT_0000                ECDH_KEY1                        
3   ECDH    256  pub      SLOT_0000                ECDH_KEY2                        
4   RSA     2048 pub+prv  SLOT_0000                RSA_DEMO_KEY                     

[2024-07-15 17:32:09] [User: root] Parsed cxitool output:
[2024-07-15 17:32:09] [User: root] Parsed cxitool output:
[2024-07-15 17:32:09] [User: root] 1   ECDSA   256  pub+prv  SLOT_0000                ECC_DEMO_KEY                     
[2024-07-15 17:32:09] [User: root] 1   ECDSA   256  pub+prv  SLOT_0000                ECC_DEMO_KEY                     
[2024-07-15 17:32:09] [User: root] 2   ECDH    256  pub+prv  SLOT_0000                ECDH_KEY1                        
[2024-07-15 17:32:09] [User: root] 2   ECDH    256  pub+prv  SLOT_0000                ECDH_KEY1                        
[2024-07-15 17:32:09] [User: root] 3   ECDH    256  pub      SLOT_0000                ECDH_KEY2                        
[2024-07-15 17:32:09] [User: root] 3   ECDH    256  pub      SLOT_0000                ECDH_KEY2                        
[2024-07-15 17:32:09] [User: root] 4   RSA     2048 pub+prv  SLOT_0000                RSA_DEMO_KEY                     
[2024-07-15 17:32:09] [User: root] 4   RSA     2048 pub+prv  SLOT_0000                RSA_DEMO_KEY                     
[2024-07-15 17:32:09] [User: root] Number of lines in cxitool_array: 4
[2024-07-15 17:32:09] [User: root] Number of lines in cxitool_array: 4
Result for line 1:
Group         : SLOT_0000
Name          : RSA_DEMO_KEY
Algo          : RSA
Size          : 2048
Export        : 0x00000000
  Extractable : 0
  Sensitive   : 1
Usage         : 0x000002bb
  Encrypt     : 1
  Decrypt     : 1
  Sign        : 1
  Sign_Recov. : 1
  Verify      : 1
  Verify_Rec. : 1
  Wrap        : 1
  Unwrap      : 1
  Derive      : 0
BlockLen      : 256
Type          : pub+prv
Modulus:
0000  bd7b0276 4a534059  bfd7a900 44e974cc | { vJS@Y    D t |
0010  93a10665 fe245144  d65cdae6 b12d3b96 |   e $QD \   -; |
0020  3e0da4bf 24be6652  e4c48760 6f697708 |>   $ fR   `oiw |
0030  9d1ca35c 34b76d37  5aac37d7 6e6d9826 |   \4 m7Z 7 nm &|
0040  d371d74e e5c88a03  a0c55cd9 d5ceb141 | q N      \    A|
0050  f8475f90 4a861a66  c9e9995b ad44b900 | G_ J  f   [ D  |
0060  8414ecec ee75aa0a  ee856add 617f5316 |     u    j a S |
0070  e1bfcdfc e4f3d3c5  08da22ab 238783b5 |          " #   |
0080  e5ad6225 09751dfb  40d01867 8c9f234a |  b% u  @  g  #J|
0090  bb7fc1e0 a9424dea  68b75a8b 67d05a2e |     BM h Z g Z.|
00a0  4a6a556d c6abe5fa  ca00e61f 05bd6562 |JjUm          eb|
00b0  d1ef55df 140ed1b5  0d9ef9bf 07b75e14 |  U           ^ |
00c0  3354c274 2f0f9446  c46772ef d1cb9228 |3T t/  F gr    (|
00d0  62a6c1d8 4edfb609  6012ba29 7f938cfb |b   N   `  )    |
00e0  b8a1fca1 63180c08  1971c446 2db9948b |    c    q F-   |
00f0  97798371 91fbf916  28fd0937 b15f09bb | y q    (  7 _  |
Exponent:
00  010001                               |                |
[2024-07-15 17:32:09] [User: root] Result for line 1: Group         : SLOT_0000
Name          : RSA_DEMO_KEY
Algo          : RSA
Size          : 2048
Export        : 0x00000000
  Extractable : 0
  Sensitive   : 1
Usage         : 0x000002bb
  Encrypt     : 1
  Decrypt     : 1
  Sign        : 1
  Sign_Recov. : 1
  Verify      : 1
  Verify_Rec. : 1
  Wrap        : 1
  Unwrap      : 1
  Derive      : 0
BlockLen      : 256
Type          : pub+prv
Modulus:
0000  bd7b0276 4a534059  bfd7a900 44e974cc | { vJS@Y    D t |
0010  93a10665 fe245144  d65cdae6 b12d3b96 |   e $QD \   -; |
0020  3e0da4bf 24be6652  e4c48760 6f697708 |>   $ fR   `oiw |
0030  9d1ca35c 34b76d37  5aac37d7 6e6d9826 |   \4 m7Z 7 nm &|
0040  d371d74e e5c88a03  a0c55cd9 d5ceb141 | q N      \    A|
0050  f8475f90 4a861a66  c9e9995b ad44b900 | G_ J  f   [ D  |
0060  8414ecec ee75aa0a  ee856add 617f5316 |     u    j a S |
0070  e1bfcdfc e4f3d3c5  08da22ab 238783b5 |          " #   |
0080  e5ad6225 09751dfb  40d01867 8c9f234a |  b% u  @  g  #J|
0090  bb7fc1e0 a9424dea  68b75a8b 67d05a2e |     BM h Z g Z.|
00a0  4a6a556d c6abe5fa  ca00e61f 05bd6562 |JjUm          eb|
00b0  d1ef55df 140ed1b5  0d9ef9bf 07b75e14 |  U           ^ |
00c0  3354c274 2f0f9446  c46772ef d1cb9228 |3T t/  F gr    (|
00d0  62a6c1d8 4edfb609  6012ba29 7f938cfb |b   N   `  )    |
00e0  b8a1fca1 63180c08  1971c446 2db9948b |    c    q F-   |
00f0  97798371 91fbf916  28fd0937 b15f09bb | y q    (  7 _  |
Exponent:
00  010001                               |                |
[2024-07-15 17:32:09] [User: root] Result for line 1: Group         : SLOT_0000
Name          : RSA_DEMO_KEY
Algo          : RSA
Size          : 2048
Export        : 0x00000000
  Extractable : 0
  Sensitive   : 1
Usage         : 0x000002bb
  Encrypt     : 1
  Decrypt     : 1
  Sign        : 1
  Sign_Recov. : 1
  Verify      : 1
  Verify_Rec. : 1
  Wrap        : 1
  Unwrap      : 1
  Derive      : 0
BlockLen      : 256
Type          : pub+prv
Modulus:
0000  bd7b0276 4a534059  bfd7a900 44e974cc | { vJS@Y    D t |
0010  93a10665 fe245144  d65cdae6 b12d3b96 |   e $QD \   -; |
0020  3e0da4bf 24be6652  e4c48760 6f697708 |>   $ fR   `oiw |
0030  9d1ca35c 34b76d37  5aac37d7 6e6d9826 |   \4 m7Z 7 nm &|
0040  d371d74e e5c88a03  a0c55cd9 d5ceb141 | q N      \    A|
0050  f8475f90 4a861a66  c9e9995b ad44b900 | G_ J  f   [ D  |
0060  8414ecec ee75aa0a  ee856add 617f5316 |     u    j a S |
0070  e1bfcdfc e4f3d3c5  08da22ab 238783b5 |          " #   |
0080  e5ad6225 09751dfb  40d01867 8c9f234a |  b% u  @  g  #J|
0090  bb7fc1e0 a9424dea  68b75a8b 67d05a2e |     BM h Z g Z.|
00a0  4a6a556d c6abe5fa  ca00e61f 05bd6562 |JjUm          eb|
00b0  d1ef55df 140ed1b5  0d9ef9bf 07b75e14 |  U           ^ |
00c0  3354c274 2f0f9446  c46772ef d1cb9228 |3T t/  F gr    (|
00d0  62a6c1d8 4edfb609  6012ba29 7f938cfb |b   N   `  )    |
00e0  b8a1fca1 63180c08  1971c446 2db9948b |    c    q F-   |
00f0  97798371 91fbf916  28fd0937 b15f09bb | y q    (  7 _  |
Exponent:
00  010001                               |                |
Result for line 2:
Group         : SLOT_0000
Name          : RSA_DEMO_KEY
Algo          : RSA
Size          : 2048
Export        : 0x00000000
  Extractable : 0
  Sensitive   : 1
Usage         : 0x000002bb
  Encrypt     : 1
  Decrypt     : 1
  Sign        : 1
  Sign_Recov. : 1
  Verify      : 1
  Verify_Rec. : 1
  Wrap        : 1
  Unwrap      : 1
  Derive      : 0
BlockLen      : 256
Type          : pub+prv
Modulus:
0000  bd7b0276 4a534059  bfd7a900 44e974cc | { vJS@Y    D t |
0010  93a10665 fe245144  d65cdae6 b12d3b96 |   e $QD \   -; |
0020  3e0da4bf 24be6652  e4c48760 6f697708 |>   $ fR   `oiw |
0030  9d1ca35c 34b76d37  5aac37d7 6e6d9826 |   \4 m7Z 7 nm &|
0040  d371d74e e5c88a03  a0c55cd9 d5ceb141 | q N      \    A|
0050  f8475f90 4a861a66  c9e9995b ad44b900 | G_ J  f   [ D  |
0060  8414ecec ee75aa0a  ee856add 617f5316 |     u    j a S |
0070  e1bfcdfc e4f3d3c5  08da22ab 238783b5 |          " #   |
0080  e5ad6225 09751dfb  40d01867 8c9f234a |  b% u  @  g  #J|
0090  bb7fc1e0 a9424dea  68b75a8b 67d05a2e |     BM h Z g Z.|
00a0  4a6a556d c6abe5fa  ca00e61f 05bd6562 |JjUm          eb|
00b0  d1ef55df 140ed1b5  0d9ef9bf 07b75e14 |  U           ^ |
00c0  3354c274 2f0f9446  c46772ef d1cb9228 |3T t/  F gr    (|
00d0  62a6c1d8 4edfb609  6012ba29 7f938cfb |b   N   `  )    |
00e0  b8a1fca1 63180c08  1971c446 2db9948b |    c    q F-   |
00f0  97798371 91fbf916  28fd0937 b15f09bb | y q    (  7 _  |
Exponent:
00  010001                               |                |
[2024-07-15 17:32:09] [User: root] Result for line 2: Group         : SLOT_0000
Name          : RSA_DEMO_KEY
Algo          : RSA
Size          : 2048
Export        : 0x00000000
  Extractable : 0
  Sensitive   : 1
Usage         : 0x000002bb
  Encrypt     : 1
  Decrypt     : 1
  Sign        : 1
  Sign_Recov. : 1
  Verify      : 1
  Verify_Rec. : 1
  Wrap        : 1
  Unwrap      : 1
  Derive      : 0
BlockLen      : 256
Type          : pub+prv
Modulus:
0000  bd7b0276 4a534059  bfd7a900 44e974cc | { vJS@Y    D t |
0010  93a10665 fe245144  d65cdae6 b12d3b96 |   e $QD \   -; |
0020  3e0da4bf 24be6652  e4c48760 6f697708 |>   $ fR   `oiw |
0030  9d1ca35c 34b76d37  5aac37d7 6e6d9826 |   \4 m7Z 7 nm &|
0040  d371d74e e5c88a03  a0c55cd9 d5ceb141 | q N      \    A|
0050  f8475f90 4a861a66  c9e9995b ad44b900 | G_ J  f   [ D  |
0060  8414ecec ee75aa0a  ee856add 617f5316 |     u    j a S |
0070  e1bfcdfc e4f3d3c5  08da22ab 238783b5 |          " #   |
0080  e5ad6225 09751dfb  40d01867 8c9f234a |  b% u  @  g  #J|
0090  bb7fc1e0 a9424dea  68b75a8b 67d05a2e |     BM h Z g Z.|
00a0  4a6a556d c6abe5fa  ca00e61f 05bd6562 |JjUm          eb|
00b0  d1ef55df 140ed1b5  0d9ef9bf 07b75e14 |  U           ^ |
00c0  3354c274 2f0f9446  c46772ef d1cb9228 |3T t/  F gr    (|
00d0  62a6c1d8 4edfb609  6012ba29 7f938cfb |b   N   `  )    |
00e0  b8a1fca1 63180c08  1971c446 2db9948b |    c    q F-   |
00f0  97798371 91fbf916  28fd0937 b15f09bb | y q    (  7 _  |
Exponent:
00  010001                               |                |
[2024-07-15 17:32:09] [User: root] Result for line 2: Group         : SLOT_0000
Name          : RSA_DEMO_KEY
Algo          : RSA
Size          : 2048
Export        : 0x00000000
  Extractable : 0
  Sensitive   : 1
Usage         : 0x000002bb
  Encrypt     : 1
  Decrypt     : 1
  Sign        : 1
  Sign_Recov. : 1
  Verify      : 1
  Verify_Rec. : 1
  Wrap        : 1
  Unwrap      : 1
  Derive      : 0
BlockLen      : 256
Type          : pub+prv
Modulus:
0000  bd7b0276 4a534059  bfd7a900 44e974cc | { vJS@Y    D t |
0010  93a10665 fe245144  d65cdae6 b12d3b96 |   e $QD \   -; |
0020  3e0da4bf 24be6652  e4c48760 6f697708 |>   $ fR   `oiw |
0030  9d1ca35c 34b76d37  5aac37d7 6e6d9826 |   \4 m7Z 7 nm &|
0040  d371d74e e5c88a03  a0c55cd9 d5ceb141 | q N      \    A|
0050  f8475f90 4a861a66  c9e9995b ad44b900 | G_ J  f   [ D  |
0060  8414ecec ee75aa0a  ee856add 617f5316 |     u    j a S |
0070  e1bfcdfc e4f3d3c5  08da22ab 238783b5 |          " #   |
0080  e5ad6225 09751dfb  40d01867 8c9f234a |  b% u  @  g  #J|
0090  bb7fc1e0 a9424dea  68b75a8b 67d05a2e |     BM h Z g Z.|
00a0  4a6a556d c6abe5fa  ca00e61f 05bd6562 |JjUm          eb|
00b0  d1ef55df 140ed1b5  0d9ef9bf 07b75e14 |  U           ^ |
00c0  3354c274 2f0f9446  c46772ef d1cb9228 |3T t/  F gr    (|
00d0  62a6c1d8 4edfb609  6012ba29 7f938cfb |b   N   `  )    |
00e0  b8a1fca1 63180c08  1971c446 2db9948b |    c    q F-   |
00f0  97798371 91fbf916  28fd0937 b15f09bb | y q    (  7 _  |
Exponent:
00  010001                               |                |
Result for line 3:
Group         : SLOT_0000
Name          : RSA_DEMO_KEY
Algo          : RSA
Size          : 2048
Export        : 0x00000000
  Extractable : 0
  Sensitive   : 1
Usage         : 0x000002bb
  Encrypt     : 1
  Decrypt     : 1
  Sign        : 1
  Sign_Recov. : 1
  Verify      : 1
  Verify_Rec. : 1
  Wrap        : 1
  Unwrap      : 1
  Derive      : 0
BlockLen      : 256
Type          : pub+prv
Modulus:
0000  bd7b0276 4a534059  bfd7a900 44e974cc | { vJS@Y    D t |
0010  93a10665 fe245144  d65cdae6 b12d3b96 |   e $QD \   -; |
0020  3e0da4bf 24be6652  e4c48760 6f697708 |>   $ fR   `oiw |
0030  9d1ca35c 34b76d37  5aac37d7 6e6d9826 |   \4 m7Z 7 nm &|
0040  d371d74e e5c88a03  a0c55cd9 d5ceb141 | q N      \    A|
0050  f8475f90 4a861a66  c9e9995b ad44b900 | G_ J  f   [ D  |
0060  8414ecec ee75aa0a  ee856add 617f5316 |     u    j a S |
0070  e1bfcdfc e4f3d3c5  08da22ab 238783b5 |          " #   |
0080  e5ad6225 09751dfb  40d01867 8c9f234a |  b% u  @  g  #J|
0090  bb7fc1e0 a9424dea  68b75a8b 67d05a2e |     BM h Z g Z.|
00a0  4a6a556d c6abe5fa  ca00e61f 05bd6562 |JjUm          eb|
00b0  d1ef55df 140ed1b5  0d9ef9bf 07b75e14 |  U           ^ |
00c0  3354c274 2f0f9446  c46772ef d1cb9228 |3T t/  F gr    (|
00d0  62a6c1d8 4edfb609  6012ba29 7f938cfb |b   N   `  )    |
00e0  b8a1fca1 63180c08  1971c446 2db9948b |    c    q F-   |
00f0  97798371 91fbf916  28fd0937 b15f09bb | y q    (  7 _  |
Exponent:
00  010001                               |                |
[2024-07-15 17:32:09] [User: root] Result for line 3: Group         : SLOT_0000
Name          : RSA_DEMO_KEY
Algo          : RSA
Size          : 2048
Export        : 0x00000000
  Extractable : 0
  Sensitive   : 1
Usage         : 0x000002bb
  Encrypt     : 1
  Decrypt     : 1
  Sign        : 1
  Sign_Recov. : 1
  Verify      : 1
  Verify_Rec. : 1
  Wrap        : 1
  Unwrap      : 1
  Derive      : 0
BlockLen      : 256
Type          : pub+prv
Modulus:
0000  bd7b0276 4a534059  bfd7a900 44e974cc | { vJS@Y    D t |
0010  93a10665 fe245144  d65cdae6 b12d3b96 |   e $QD \   -; |
0020  3e0da4bf 24be6652  e4c48760 6f697708 |>   $ fR   `oiw |
0030  9d1ca35c 34b76d37  5aac37d7 6e6d9826 |   \4 m7Z 7 nm &|
0040  d371d74e e5c88a03  a0c55cd9 d5ceb141 | q N      \    A|
0050  f8475f90 4a861a66  c9e9995b ad44b900 | G_ J  f   [ D  |
0060  8414ecec ee75aa0a  ee856add 617f5316 |     u    j a S |
0070  e1bfcdfc e4f3d3c5  08da22ab 238783b5 |          " #   |
0080  e5ad6225 09751dfb  40d01867 8c9f234a |  b% u  @  g  #J|
0090  bb7fc1e0 a9424dea  68b75a8b 67d05a2e |     BM h Z g Z.|
00a0  4a6a556d c6abe5fa  ca00e61f 05bd6562 |JjUm          eb|
00b0  d1ef55df 140ed1b5  0d9ef9bf 07b75e14 |  U           ^ |
00c0  3354c274 2f0f9446  c46772ef d1cb9228 |3T t/  F gr    (|
00d0  62a6c1d8 4edfb609  6012ba29 7f938cfb |b   N   `  )    |
00e0  b8a1fca1 63180c08  1971c446 2db9948b |    c    q F-   |
00f0  97798371 91fbf916  28fd0937 b15f09bb | y q    (  7 _  |
Exponent:
00  010001                               |                |
[2024-07-15 17:32:09] [User: root] Result for line 3: Group         : SLOT_0000
Name          : RSA_DEMO_KEY
Algo          : RSA
Size          : 2048
Export        : 0x00000000
  Extractable : 0
  Sensitive   : 1
Usage         : 0x000002bb
  Encrypt     : 1
  Decrypt     : 1
  Sign        : 1
  Sign_Recov. : 1
  Verify      : 1
  Verify_Rec. : 1
  Wrap        : 1
  Unwrap      : 1
  Derive      : 0
BlockLen      : 256
Type          : pub+prv
Modulus:
0000  bd7b0276 4a534059  bfd7a900 44e974cc | { vJS@Y    D t |
0010  93a10665 fe245144  d65cdae6 b12d3b96 |   e $QD \   -; |
0020  3e0da4bf 24be6652  e4c48760 6f697708 |>   $ fR   `oiw |
0030  9d1ca35c 34b76d37  5aac37d7 6e6d9826 |   \4 m7Z 7 nm &|
0040  d371d74e e5c88a03  a0c55cd9 d5ceb141 | q N      \    A|
0050  f8475f90 4a861a66  c9e9995b ad44b900 | G_ J  f   [ D  |
0060  8414ecec ee75aa0a  ee856add 617f5316 |     u    j a S |
0070  e1bfcdfc e4f3d3c5  08da22ab 238783b5 |          " #   |
0080  e5ad6225 09751dfb  40d01867 8c9f234a |  b% u  @  g  #J|
0090  bb7fc1e0 a9424dea  68b75a8b 67d05a2e |     BM h Z g Z.|
00a0  4a6a556d c6abe5fa  ca00e61f 05bd6562 |JjUm          eb|
00b0  d1ef55df 140ed1b5  0d9ef9bf 07b75e14 |  U           ^ |
00c0  3354c274 2f0f9446  c46772ef d1cb9228 |3T t/  F gr    (|
00d0  62a6c1d8 4edfb609  6012ba29 7f938cfb |b   N   `  )    |
00e0  b8a1fca1 63180c08  1971c446 2db9948b |    c    q F-   |
00f0  97798371 91fbf916  28fd0937 b15f09bb | y q    (  7 _  |
Exponent:
00  010001                               |                |
Result for line 4:
Group         : SLOT_0000
Name          : RSA_DEMO_KEY
Algo          : RSA
Size          : 2048
Export        : 0x00000000
  Extractable : 0
  Sensitive   : 1
Usage         : 0x000002bb
  Encrypt     : 1
  Decrypt     : 1
  Sign        : 1
  Sign_Recov. : 1
  Verify      : 1
  Verify_Rec. : 1
  Wrap        : 1
  Unwrap      : 1
  Derive      : 0
BlockLen      : 256
Type          : pub+prv
Modulus:
0000  bd7b0276 4a534059  bfd7a900 44e974cc | { vJS@Y    D t |
0010  93a10665 fe245144  d65cdae6 b12d3b96 |   e $QD \   -; |
0020  3e0da4bf 24be6652  e4c48760 6f697708 |>   $ fR   `oiw |
0030  9d1ca35c 34b76d37  5aac37d7 6e6d9826 |   \4 m7Z 7 nm &|
0040  d371d74e e5c88a03  a0c55cd9 d5ceb141 | q N      \    A|
0050  f8475f90 4a861a66  c9e9995b ad44b900 | G_ J  f   [ D  |
0060  8414ecec ee75aa0a  ee856add 617f5316 |     u    j a S |
0070  e1bfcdfc e4f3d3c5  08da22ab 238783b5 |          " #   |
0080  e5ad6225 09751dfb  40d01867 8c9f234a |  b% u  @  g  #J|
0090  bb7fc1e0 a9424dea  68b75a8b 67d05a2e |     BM h Z g Z.|
00a0  4a6a556d c6abe5fa  ca00e61f 05bd6562 |JjUm          eb|
00b0  d1ef55df 140ed1b5  0d9ef9bf 07b75e14 |  U           ^ |
00c0  3354c274 2f0f9446  c46772ef d1cb9228 |3T t/  F gr    (|
00d0  62a6c1d8 4edfb609  6012ba29 7f938cfb |b   N   `  )    |
00e0  b8a1fca1 63180c08  1971c446 2db9948b |    c    q F-   |
00f0  97798371 91fbf916  28fd0937 b15f09bb | y q    (  7 _  |
Exponent:
00  010001                               |                |
[2024-07-15 17:32:09] [User: root] Result for line 4: Group         : SLOT_0000
Name          : RSA_DEMO_KEY
Algo          : RSA
Size          : 2048
Export        : 0x00000000
  Extractable : 0
  Sensitive   : 1
Usage         : 0x000002bb
  Encrypt     : 1
  Decrypt     : 1
  Sign        : 1
  Sign_Recov. : 1
  Verify      : 1
  Verify_Rec. : 1
  Wrap        : 1
  Unwrap      : 1
  Derive      : 0
BlockLen      : 256
Type          : pub+prv
Modulus:
0000  bd7b0276 4a534059  bfd7a900 44e974cc | { vJS@Y    D t |
0010  93a10665 fe245144  d65cdae6 b12d3b96 |   e $QD \   -; |
0020  3e0da4bf 24be6652  e4c48760 6f697708 |>   $ fR   `oiw |
0030  9d1ca35c 34b76d37  5aac37d7 6e6d9826 |   \4 m7Z 7 nm &|
0040  d371d74e e5c88a03  a0c55cd9 d5ceb141 | q N      \    A|
0050  f8475f90 4a861a66  c9e9995b ad44b900 | G_ J  f   [ D  |
0060  8414ecec ee75aa0a  ee856add 617f5316 |     u    j a S |
0070  e1bfcdfc e4f3d3c5  08da22ab 238783b5 |          " #   |
0080  e5ad6225 09751dfb  40d01867 8c9f234a |  b% u  @  g  #J|
0090  bb7fc1e0 a9424dea  68b75a8b 67d05a2e |     BM h Z g Z.|
00a0  4a6a556d c6abe5fa  ca00e61f 05bd6562 |JjUm          eb|
00b0  d1ef55df 140ed1b5  0d9ef9bf 07b75e14 |  U           ^ |
00c0  3354c274 2f0f9446  c46772ef d1cb9228 |3T t/  F gr    (|
00d0  62a6c1d8 4edfb609  6012ba29 7f938cfb |b   N   `  )    |
00e0  b8a1fca1 63180c08  1971c446 2db9948b |    c    q F-   |
00f0  97798371 91fbf916  28fd0937 b15f09bb | y q    (  7 _  |
Exponent:
00  010001                               |                |
[2024-07-15 17:32:09] [User: root] Result for line 4: Group         : SLOT_0000
Name          : RSA_DEMO_KEY
Algo          : RSA
Size          : 2048
Export        : 0x00000000
  Extractable : 0
  Sensitive   : 1
Usage         : 0x000002bb
  Encrypt     : 1
  Decrypt     : 1
  Sign        : 1
  Sign_Recov. : 1
  Verify      : 1
  Verify_Rec. : 1
  Wrap        : 1
  Unwrap      : 1
  Derive      : 0
BlockLen      : 256
Type          : pub+prv
Modulus:
0000  bd7b0276 4a534059  bfd7a900 44e974cc | { vJS@Y    D t |
0010  93a10665 fe245144  d65cdae6 b12d3b96 |   e $QD \   -; |
0020  3e0da4bf 24be6652  e4c48760 6f697708 |>   $ fR   `oiw |
0030  9d1ca35c 34b76d37  5aac37d7 6e6d9826 |   \4 m7Z 7 nm &|
0040  d371d74e e5c88a03  a0c55cd9 d5ceb141 | q N      \    A|
0050  f8475f90 4a861a66  c9e9995b ad44b900 | G_ J  f   [ D  |
0060  8414ecec ee75aa0a  ee856add 617f5316 |     u    j a S |
0070  e1bfcdfc e4f3d3c5  08da22ab 238783b5 |          " #   |
0080  e5ad6225 09751dfb  40d01867 8c9f234a |  b% u  @  g  #J|
0090  bb7fc1e0 a9424dea  68b75a8b 67d05a2e |     BM h Z g Z.|
00a0  4a6a556d c6abe5fa  ca00e61f 05bd6562 |JjUm          eb|
00b0  d1ef55df 140ed1b5  0d9ef9bf 07b75e14 |  U           ^ |
00c0  3354c274 2f0f9446  c46772ef d1cb9228 |3T t/  F gr    (|
00d0  62a6c1d8 4edfb609  6012ba29 7f938cfb |b   N   `  )    |
00e0  b8a1fca1 63180c08  1971c446 2db9948b |    c    q F-   |
00f0  97798371 91fbf916  28fd0937 b15f09bb | y q    (  7 _  |
Exponent:
00  010001                               |                |
[2024-07-15 17:32:09] [User: root] ----------------------------------------------------------------------------------------
[2024-07-15 17:32:09] [User: root] Choose function:
[2024-07-15 17:32:09] [User: root] 1. Encrypt PIN
[2024-07-15 17:32:09] [User: root] 2. Backup HSM
[2024-07-15 17:32:09] [User: root] 3. Restore HSM
[2024-07-15 17:32:09] [User: root] 4. Automatic backup all keys from HSM 3001@192.168.100.146 to 3001@192.168.100.146 
[2024-07-15 17:32:09] [User: root] 5. Exit.
[2024-07-15 17:39:18] [User: root] Exit.
[2024-07-15 17:39:29] [User: root] ----------------------------------------------------------------------------------------
[2024-07-15 17:39:29] [User: root]                           AUTOMATIC KEY SYNCING APPLICATION                             
[2024-07-15 17:39:29] [User: root] ----------------------------------------------------------------------------------------
[2024-07-15 17:39:29] [User: root] Checking current config.properties...:
[2024-07-15 17:39:29] [User: root] Source HSM IP: 3001@192.168.100.146
[2024-07-15 17:39:29] [User: root] Source SLOT: SLOT_0000
[2024-07-15 17:39:29] [User: root] Target HSM IP: 3001@192.168.100.146
[2024-07-15 17:39:29] [User: root] Target SLOT: SLOT_0000
[2024-07-15 17:39:29] [User: root] ----------------------------------------------------------------------------------------
[2024-07-15 17:39:29] [User: root] Choose function:
[2024-07-15 17:39:29] [User: root] 1. Encrypt PIN
[2024-07-15 17:39:29] [User: root] 2. Backup HSM
[2024-07-15 17:39:29] [User: root] 3. Restore HSM
[2024-07-15 17:39:29] [User: root] 4. Automatic backup all keys from HSM 3001@192.168.100.146 to 3001@192.168.100.146 
[2024-07-15 17:39:29] [User: root] 5. Exit.
[2024-07-15 17:39:35] [User: root] Listing keys from source HSM 3001@192.168.100.146

idx algo    size type     group                    name                             spec
----------------------------------------------------------------------------------------
1   ECDSA   256  pub+prv  SLOT_0000                ECC_DEMO_KEY                     
2   ECDH    256  pub+prv  SLOT_0000                ECDH_KEY1                        
3   ECDH    256  pub      SLOT_0000                ECDH_KEY2                        
4   RSA     2048 pub+prv  SLOT_0000                RSA_DEMO_KEY                     

[2024-07-15 17:39:35] [User: root] Backing up all keys to the current directory...
/root/SLOT_0000_ECDH_KEY2.kbk
/root/SLOT_0000_ECDH_KEY1.kbk
/root/SLOT_0000_RSA_DEMO_KEY.kbk
/root/SLOT_0000_ECC_DEMO_KEY.kbk

4 key(s) backed up
[2024-07-15 17:39:35] [User: root] Listing backup key files in the current directory
[2024-07-15 17:39:35] [User: root] ----------------------------------------------------------------------------------------
-rw-r--r--. 1 root root  308 Jul 15 16:30 SLOT_0000_ECC_DEMO_KEY.kbk
-rw-r--r--. 1 root root  313 Jul 15 16:30 SLOT_0000_ECDH_KEY1.kbk
-rw-r--r--. 1 root root  255 Jul 15 16:30 SLOT_0000_ECDH_KEY2.kbk
-rw-r--r--. 1 root root 2.4K Jul 15 16:30 SLOT_0000_RSA_DEMO_KEY.kbk
[2024-07-15 17:39:35] [User: root] ----------------------------------------------------------------------------------------
[2024-07-15 17:39:35] [User: root] Restoring all keys to target HSM 3001@192.168.100.146
[2024-07-15 17:39:35] [User: root] 1 key(s) out of 4 have been restored to HSM 3001@192.168.100.146
[2024-07-15 17:39:35] [User: root] 2 key(s) out of 4 have been restored to HSM 3001@192.168.100.146
[2024-07-15 17:39:35] [User: root] 3 key(s) out of 4 have been restored to HSM 3001@192.168.100.146
[2024-07-15 17:39:36] [User: root] 4 key(s) out of 4 have been restored to HSM 3001@192.168.100.146
[2024-07-15 17:39:36] [User: root] Listing keys from target HSM 3001@192.168.100.146

idx algo    size type     group                    name                             spec
----------------------------------------------------------------------------------------
1   ECDSA   256  pub+prv  SLOT_0000                ECC_DEMO_KEY                     
2   ECDH    256  pub+prv  SLOT_0000                ECDH_KEY1                        
3   ECDH    256  pub      SLOT_0000                ECDH_KEY2                        
4   RSA     2048 pub+prv  SLOT_0000                RSA_DEMO_KEY                     

[2024-07-15 17:39:36] [User: root] Parsed cxitool output:
[2024-07-15 17:39:36] [User: root] Parsed cxitool output:
[2024-07-15 17:39:36] [User: root] 1   ECDSA   256  pub+prv  SLOT_0000                ECC_DEMO_KEY                     
[2024-07-15 17:39:36] [User: root] 1   ECDSA   256  pub+prv  SLOT_0000                ECC_DEMO_KEY                     
[2024-07-15 17:39:36] [User: root] 2   ECDH    256  pub+prv  SLOT_0000                ECDH_KEY1                        
[2024-07-15 17:39:36] [User: root] 2   ECDH    256  pub+prv  SLOT_0000                ECDH_KEY1                        
[2024-07-15 17:39:36] [User: root] 3   ECDH    256  pub      SLOT_0000                ECDH_KEY2                        
[2024-07-15 17:39:36] [User: root] 3   ECDH    256  pub      SLOT_0000                ECDH_KEY2                        
[2024-07-15 17:39:36] [User: root] 4   RSA     2048 pub+prv  SLOT_0000                RSA_DEMO_KEY                     
[2024-07-15 17:39:36] [User: root] 4   RSA     2048 pub+prv  SLOT_0000                RSA_DEMO_KEY                     
[2024-07-15 17:39:36] [User: root] Number of lines in cxitool_array: 4
[2024-07-15 17:39:36] [User: root] Number of lines in cxitool_array: 4
Result for line 1:
Group         : SLOT_0000
Name          : ECC_DEMO_KEY
Algo          : ECDSA
Size          : 256
Export        : 0x00000000
  Extractable : 0
  Sensitive   : 1
Usage         : 0x000002bf
  Encrypt     : 1
  Decrypt     : 1
  Sign        : 1
  Sign_Recov. : 1
  Verify      : 1
  Verify_Rec. : 1
  Wrap        : 1
  Unwrap      : 1
  Derive      : 1
BlockLen      : 64
Type          : pub+prv
Curve:
00  4e495354 2d503235  36                |NIST-P256       |
PubKey:
00  0499a881 f051c1b1  e3515a01 477b1cf3 |     Q   QZ G{  |
10  d585fedf 2d844245  25b66afe 57a0d07b |    - BE% j W  {|
20  2ed5b995 c31ed363  87a48fda 325e685b |.      c    2^h[|
30  82e60657 79bad14b  a42d7c0c 089d1363 |   Wy  K -|    c|
40  9b                                   |                |
[2024-07-15 17:39:36] [User: root] Result for line 1: Group         : SLOT_0000
Name          : ECC_DEMO_KEY
Algo          : ECDSA
Size          : 256
Export        : 0x00000000
  Extractable : 0
  Sensitive   : 1
Usage         : 0x000002bf
  Encrypt     : 1
  Decrypt     : 1
  Sign        : 1
  Sign_Recov. : 1
  Verify      : 1
  Verify_Rec. : 1
  Wrap        : 1
  Unwrap      : 1
  Derive      : 1
BlockLen      : 64
Type          : pub+prv
Curve:
00  4e495354 2d503235  36                |NIST-P256       |
PubKey:
00  0499a881 f051c1b1  e3515a01 477b1cf3 |     Q   QZ G{  |
10  d585fedf 2d844245  25b66afe 57a0d07b |    - BE% j W  {|
20  2ed5b995 c31ed363  87a48fda 325e685b |.      c    2^h[|
30  82e60657 79bad14b  a42d7c0c 089d1363 |   Wy  K -|    c|
40  9b                                   |                |
[2024-07-15 17:39:36] [User: root] Result for line 1: Group         : SLOT_0000
Name          : ECC_DEMO_KEY
Algo          : ECDSA
Size          : 256
Export        : 0x00000000
  Extractable : 0
  Sensitive   : 1
Usage         : 0x000002bf
  Encrypt     : 1
  Decrypt     : 1
  Sign        : 1
  Sign_Recov. : 1
  Verify      : 1
  Verify_Rec. : 1
  Wrap        : 1
  Unwrap      : 1
  Derive      : 1
BlockLen      : 64
Type          : pub+prv
Curve:
00  4e495354 2d503235  36                |NIST-P256       |
PubKey:
00  0499a881 f051c1b1  e3515a01 477b1cf3 |     Q   QZ G{  |
10  d585fedf 2d844245  25b66afe 57a0d07b |    - BE% j W  {|
20  2ed5b995 c31ed363  87a48fda 325e685b |.      c    2^h[|
30  82e60657 79bad14b  a42d7c0c 089d1363 |   Wy  K -|    c|
40  9b                                   |                |
Result for line 2:
Group         : SLOT_0000
Name          : ECDH_KEY1
Algo          : ECDH
Size          : 256
Export        : 0x00000000
  Extractable : 0
  Sensitive   : 1
Usage         : 0x000002bf
  Encrypt     : 1
  Decrypt     : 1
  Sign        : 1
  Sign_Recov. : 1
  Verify      : 1
  Verify_Rec. : 1
  Wrap        : 1
  Unwrap      : 1
  Derive      : 1
BlockLen      : 64
Type          : pub+prv
Label         : Key1
Curve:
00  4e495354 2d503235  36                |NIST-P256       |
PubKey:
00  04db8b14 4819fbaa  7a5b3243 7143f1fe |    H   z[2CqC  |
10  d8feafd9 64ae8823  a7cb91e1 d768760c |    d  #     hv |
20  d2260c3f 4d95c8ab  d05d7648 ab7f6495 | & ?M    ]vH  d |
30  e68ca19d c35b57cc  b012373d 69f5c43f |     [W   7=i  ?|
40  32                                   |2               |
[2024-07-15 17:39:37] [User: root] Result for line 2: Group         : SLOT_0000
Name          : ECDH_KEY1
Algo          : ECDH
Size          : 256
Export        : 0x00000000
  Extractable : 0
  Sensitive   : 1
Usage         : 0x000002bf
  Encrypt     : 1
  Decrypt     : 1
  Sign        : 1
  Sign_Recov. : 1
  Verify      : 1
  Verify_Rec. : 1
  Wrap        : 1
  Unwrap      : 1
  Derive      : 1
BlockLen      : 64
Type          : pub+prv
Label         : Key1
Curve:
00  4e495354 2d503235  36                |NIST-P256       |
PubKey:
00  04db8b14 4819fbaa  7a5b3243 7143f1fe |    H   z[2CqC  |
10  d8feafd9 64ae8823  a7cb91e1 d768760c |    d  #     hv |
20  d2260c3f 4d95c8ab  d05d7648 ab7f6495 | & ?M    ]vH  d |
30  e68ca19d c35b57cc  b012373d 69f5c43f |     [W   7=i  ?|
40  32                                   |2               |
[2024-07-15 17:39:37] [User: root] Result for line 2: Group         : SLOT_0000
Name          : ECDH_KEY1
Algo          : ECDH
Size          : 256
Export        : 0x00000000
  Extractable : 0
  Sensitive   : 1
Usage         : 0x000002bf
  Encrypt     : 1
  Decrypt     : 1
  Sign        : 1
  Sign_Recov. : 1
  Verify      : 1
  Verify_Rec. : 1
  Wrap        : 1
  Unwrap      : 1
  Derive      : 1
BlockLen      : 64
Type          : pub+prv
Label         : Key1
Curve:
00  4e495354 2d503235  36                |NIST-P256       |
PubKey:
00  04db8b14 4819fbaa  7a5b3243 7143f1fe |    H   z[2CqC  |
10  d8feafd9 64ae8823  a7cb91e1 d768760c |    d  #     hv |
20  d2260c3f 4d95c8ab  d05d7648 ab7f6495 | & ?M    ]vH  d |
30  e68ca19d c35b57cc  b012373d 69f5c43f |     [W   7=i  ?|
40  32                                   |2               |
Result for line 3:
Group         : SLOT_0000
Name          : ECDH_KEY2
Algo          : ECDH
Size          : 256
Export        : 0x00000000
  Extractable : 0
  Sensitive   : 1
Usage         : 0x00000238
  Encrypt     : 1
  Decrypt     : 0
  Sign        : 0
  Sign_Recov. : not set
  Verify      : 1
  Verify_Rec. : 1
  Wrap        : 1
  Unwrap      : 0
  Derive      : 0
BlockLen      : 64
Type          : pub
Label         : Key2
Curve:
00  4e495354 2d503235  36                |NIST-P256       |
PubKey:
00  04702d73 b399d46c  0cd02935 67577465 | p-s   l  )5gWte|
10  2a106031 3d27b88c  087bd9c8 33ba145c |* `1='   {  3  \|
20  e4737b5f a38c46ce  679f49f6 fe1f06c0 | s{_  F g I     |
30  e66717ce 24b59963  f5695e63 05110360 | g  $  c i^c   `|
40  6f                                   |o               |
[2024-07-15 17:39:37] [User: root] Result for line 3: Group         : SLOT_0000
Name          : ECDH_KEY2
Algo          : ECDH
Size          : 256
Export        : 0x00000000
  Extractable : 0
  Sensitive   : 1
Usage         : 0x00000238
  Encrypt     : 1
  Decrypt     : 0
  Sign        : 0
  Sign_Recov. : not set
  Verify      : 1
  Verify_Rec. : 1
  Wrap        : 1
  Unwrap      : 0
  Derive      : 0
BlockLen      : 64
Type          : pub
Label         : Key2
Curve:
00  4e495354 2d503235  36                |NIST-P256       |
PubKey:
00  04702d73 b399d46c  0cd02935 67577465 | p-s   l  )5gWte|
10  2a106031 3d27b88c  087bd9c8 33ba145c |* `1='   {  3  \|
20  e4737b5f a38c46ce  679f49f6 fe1f06c0 | s{_  F g I     |
30  e66717ce 24b59963  f5695e63 05110360 | g  $  c i^c   `|
40  6f                                   |o               |
[2024-07-15 17:39:37] [User: root] Result for line 3: Group         : SLOT_0000
Name          : ECDH_KEY2
Algo          : ECDH
Size          : 256
Export        : 0x00000000
  Extractable : 0
  Sensitive   : 1
Usage         : 0x00000238
  Encrypt     : 1
  Decrypt     : 0
  Sign        : 0
  Sign_Recov. : not set
  Verify      : 1
  Verify_Rec. : 1
  Wrap        : 1
  Unwrap      : 0
  Derive      : 0
BlockLen      : 64
Type          : pub
Label         : Key2
Curve:
00  4e495354 2d503235  36                |NIST-P256       |
PubKey:
00  04702d73 b399d46c  0cd02935 67577465 | p-s   l  )5gWte|
10  2a106031 3d27b88c  087bd9c8 33ba145c |* `1='   {  3  \|
20  e4737b5f a38c46ce  679f49f6 fe1f06c0 | s{_  F g I     |
30  e66717ce 24b59963  f5695e63 05110360 | g  $  c i^c   `|
40  6f                                   |o               |
Result for line 4:
Group         : SLOT_0000
Name          : RSA_DEMO_KEY
Algo          : RSA
Size          : 2048
Export        : 0x00000000
  Extractable : 0
  Sensitive   : 1
Usage         : 0x000002bb
  Encrypt     : 1
  Decrypt     : 1
  Sign        : 1
  Sign_Recov. : 1
  Verify      : 1
  Verify_Rec. : 1
  Wrap        : 1
  Unwrap      : 1
  Derive      : 0
BlockLen      : 256
Type          : pub+prv
Modulus:
0000  bd7b0276 4a534059  bfd7a900 44e974cc | { vJS@Y    D t |
0010  93a10665 fe245144  d65cdae6 b12d3b96 |   e $QD \   -; |
0020  3e0da4bf 24be6652  e4c48760 6f697708 |>   $ fR   `oiw |
0030  9d1ca35c 34b76d37  5aac37d7 6e6d9826 |   \4 m7Z 7 nm &|
0040  d371d74e e5c88a03  a0c55cd9 d5ceb141 | q N      \    A|
0050  f8475f90 4a861a66  c9e9995b ad44b900 | G_ J  f   [ D  |
0060  8414ecec ee75aa0a  ee856add 617f5316 |     u    j a S |
0070  e1bfcdfc e4f3d3c5  08da22ab 238783b5 |          " #   |
0080  e5ad6225 09751dfb  40d01867 8c9f234a |  b% u  @  g  #J|
0090  bb7fc1e0 a9424dea  68b75a8b 67d05a2e |     BM h Z g Z.|
00a0  4a6a556d c6abe5fa  ca00e61f 05bd6562 |JjUm          eb|
00b0  d1ef55df 140ed1b5  0d9ef9bf 07b75e14 |  U           ^ |
00c0  3354c274 2f0f9446  c46772ef d1cb9228 |3T t/  F gr    (|
00d0  62a6c1d8 4edfb609  6012ba29 7f938cfb |b   N   `  )    |
00e0  b8a1fca1 63180c08  1971c446 2db9948b |    c    q F-   |
00f0  97798371 91fbf916  28fd0937 b15f09bb | y q    (  7 _  |
Exponent:
00  010001                               |                |
[2024-07-15 17:39:37] [User: root] Result for line 4: Group         : SLOT_0000
Name          : RSA_DEMO_KEY
Algo          : RSA
Size          : 2048
Export        : 0x00000000
  Extractable : 0
  Sensitive   : 1
Usage         : 0x000002bb
  Encrypt     : 1
  Decrypt     : 1
  Sign        : 1
  Sign_Recov. : 1
  Verify      : 1
  Verify_Rec. : 1
  Wrap        : 1
  Unwrap      : 1
  Derive      : 0
BlockLen      : 256
Type          : pub+prv
Modulus:
0000  bd7b0276 4a534059  bfd7a900 44e974cc | { vJS@Y    D t |
0010  93a10665 fe245144  d65cdae6 b12d3b96 |   e $QD \   -; |
0020  3e0da4bf 24be6652  e4c48760 6f697708 |>   $ fR   `oiw |
0030  9d1ca35c 34b76d37  5aac37d7 6e6d9826 |   \4 m7Z 7 nm &|
0040  d371d74e e5c88a03  a0c55cd9 d5ceb141 | q N      \    A|
0050  f8475f90 4a861a66  c9e9995b ad44b900 | G_ J  f   [ D  |
0060  8414ecec ee75aa0a  ee856add 617f5316 |     u    j a S |
0070  e1bfcdfc e4f3d3c5  08da22ab 238783b5 |          " #   |
0080  e5ad6225 09751dfb  40d01867 8c9f234a |  b% u  @  g  #J|
0090  bb7fc1e0 a9424dea  68b75a8b 67d05a2e |     BM h Z g Z.|
00a0  4a6a556d c6abe5fa  ca00e61f 05bd6562 |JjUm          eb|
00b0  d1ef55df 140ed1b5  0d9ef9bf 07b75e14 |  U           ^ |
00c0  3354c274 2f0f9446  c46772ef d1cb9228 |3T t/  F gr    (|
00d0  62a6c1d8 4edfb609  6012ba29 7f938cfb |b   N   `  )    |
00e0  b8a1fca1 63180c08  1971c446 2db9948b |    c    q F-   |
00f0  97798371 91fbf916  28fd0937 b15f09bb | y q    (  7 _  |
Exponent:
00  010001                               |                |
[2024-07-15 17:39:37] [User: root] Result for line 4: Group         : SLOT_0000
Name          : RSA_DEMO_KEY
Algo          : RSA
Size          : 2048
Export        : 0x00000000
  Extractable : 0
  Sensitive   : 1
Usage         : 0x000002bb
  Encrypt     : 1
  Decrypt     : 1
  Sign        : 1
  Sign_Recov. : 1
  Verify      : 1
  Verify_Rec. : 1
  Wrap        : 1
  Unwrap      : 1
  Derive      : 0
BlockLen      : 256
Type          : pub+prv
Modulus:
0000  bd7b0276 4a534059  bfd7a900 44e974cc | { vJS@Y    D t |
0010  93a10665 fe245144  d65cdae6 b12d3b96 |   e $QD \   -; |
0020  3e0da4bf 24be6652  e4c48760 6f697708 |>   $ fR   `oiw |
0030  9d1ca35c 34b76d37  5aac37d7 6e6d9826 |   \4 m7Z 7 nm &|
0040  d371d74e e5c88a03  a0c55cd9 d5ceb141 | q N      \    A|
0050  f8475f90 4a861a66  c9e9995b ad44b900 | G_ J  f   [ D  |
0060  8414ecec ee75aa0a  ee856add 617f5316 |     u    j a S |
0070  e1bfcdfc e4f3d3c5  08da22ab 238783b5 |          " #   |
0080  e5ad6225 09751dfb  40d01867 8c9f234a |  b% u  @  g  #J|
0090  bb7fc1e0 a9424dea  68b75a8b 67d05a2e |     BM h Z g Z.|
00a0  4a6a556d c6abe5fa  ca00e61f 05bd6562 |JjUm          eb|
00b0  d1ef55df 140ed1b5  0d9ef9bf 07b75e14 |  U           ^ |
00c0  3354c274 2f0f9446  c46772ef d1cb9228 |3T t/  F gr    (|
00d0  62a6c1d8 4edfb609  6012ba29 7f938cfb |b   N   `  )    |
00e0  b8a1fca1 63180c08  1971c446 2db9948b |    c    q F-   |
00f0  97798371 91fbf916  28fd0937 b15f09bb | y q    (  7 _  |
Exponent:
00  010001                               |                |
[2024-07-15 17:39:37] [User: root] ----------------------------------------------------------------------------------------
[2024-07-15 17:39:37] [User: root] Choose function:
[2024-07-15 17:39:37] [User: root] 1. Encrypt PIN
[2024-07-15 17:39:37] [User: root] 2. Backup HSM
[2024-07-15 17:39:37] [User: root] 3. Restore HSM
[2024-07-15 17:39:37] [User: root] 4. Automatic backup all keys from HSM 3001@192.168.100.146 to 3001@192.168.100.146 
[2024-07-15 17:39:37] [User: root] 5. Exit.
[2024-07-15 17:41:20] [User: root] Exit.
[2024-07-15 17:41:53] [User: root] ----------------------------------------------------------------------------------------
[2024-07-15 17:41:53] [User: root]                           AUTOMATIC KEY SYNCING APPLICATION                             
[2024-07-15 17:41:53] [User: root] ----------------------------------------------------------------------------------------
[2024-07-15 17:41:53] [User: root] Checking current config.properties...:
[2024-07-15 17:41:53] [User: root] Source HSM IP: 3001@192.168.100.146
[2024-07-15 17:41:53] [User: root] Source SLOT: SLOT_0000
[2024-07-15 17:41:53] [User: root] Target HSM IP: 3001@192.168.100.146
[2024-07-15 17:41:53] [User: root] Target SLOT: SLOT_0000
[2024-07-15 17:41:53] [User: root] ----------------------------------------------------------------------------------------
[2024-07-15 17:41:53] [User: root] Choose function:
[2024-07-15 17:41:53] [User: root] 1. Encrypt PIN
[2024-07-15 17:41:53] [User: root] 2. Backup HSM
[2024-07-15 17:41:53] [User: root] 3. Restore HSM
[2024-07-15 17:41:53] [User: root] 4. Automatic backup all keys from HSM 3001@192.168.100.146 to 3001@192.168.100.146 
[2024-07-15 17:41:53] [User: root] 5. Exit.
[2024-07-15 17:41:56] [User: root] Listing keys from source HSM 3001@192.168.100.146

idx algo    size type     group                    name                             spec
----------------------------------------------------------------------------------------
1   ECDSA   256  pub+prv  SLOT_0000                ECC_DEMO_KEY                     
2   ECDH    256  pub+prv  SLOT_0000                ECDH_KEY1                        
3   ECDH    256  pub      SLOT_0000                ECDH_KEY2                        
4   RSA     2048 pub+prv  SLOT_0000                RSA_DEMO_KEY                     

[2024-07-15 17:41:56] [User: root] Backing up all keys to the current directory...
/root/SLOT_0000_ECDH_KEY2.kbk
/root/SLOT_0000_ECDH_KEY1.kbk
/root/SLOT_0000_RSA_DEMO_KEY.kbk
/root/SLOT_0000_ECC_DEMO_KEY.kbk

4 key(s) backed up
[2024-07-15 17:41:56] [User: root] Listing backup key files in the current directory
[2024-07-15 17:41:56] [User: root] ----------------------------------------------------------------------------------------
-rw-r--r--. 1 root root  308 Jul 15 16:30 SLOT_0000_ECC_DEMO_KEY.kbk
-rw-r--r--. 1 root root  313 Jul 15 16:30 SLOT_0000_ECDH_KEY1.kbk
-rw-r--r--. 1 root root  255 Jul 15 16:30 SLOT_0000_ECDH_KEY2.kbk
-rw-r--r--. 1 root root 2.4K Jul 15 16:30 SLOT_0000_RSA_DEMO_KEY.kbk
[2024-07-15 17:41:56] [User: root] ----------------------------------------------------------------------------------------
[2024-07-15 17:41:56] [User: root] Restoring all keys to target HSM 3001@192.168.100.146
[2024-07-15 17:41:56] [User: root] 1 key(s) out of 4 have been restored to HSM 3001@192.168.100.146
[2024-07-15 17:41:56] [User: root] 2 key(s) out of 4 have been restored to HSM 3001@192.168.100.146
[2024-07-15 17:41:56] [User: root] 3 key(s) out of 4 have been restored to HSM 3001@192.168.100.146
[2024-07-15 17:41:56] [User: root] 4 key(s) out of 4 have been restored to HSM 3001@192.168.100.146
[2024-07-15 17:41:56] [User: root] Listing keys from target HSM 3001@192.168.100.146

idx algo    size type     group                    name                             spec
----------------------------------------------------------------------------------------
1   ECDSA   256  pub+prv  SLOT_0000                ECC_DEMO_KEY                     
2   ECDH    256  pub+prv  SLOT_0000                ECDH_KEY1                        
3   ECDH    256  pub      SLOT_0000                ECDH_KEY2                        
4   RSA     2048 pub+prv  SLOT_0000                RSA_DEMO_KEY                     

[2024-07-15 17:41:57] [User: root] Parsed cxitool output:
[2024-07-15 17:41:57] [User: root] Parsed cxitool output:
[2024-07-15 17:41:57] [User: root] 1   ECDSA   256  pub+prv  SLOT_0000                ECC_DEMO_KEY                     
[2024-07-15 17:41:57] [User: root] 1   ECDSA   256  pub+prv  SLOT_0000                ECC_DEMO_KEY                     
[2024-07-15 17:41:57] [User: root] 2   ECDH    256  pub+prv  SLOT_0000                ECDH_KEY1                        
[2024-07-15 17:41:57] [User: root] 2   ECDH    256  pub+prv  SLOT_0000                ECDH_KEY1                        
[2024-07-15 17:41:57] [User: root] 3   ECDH    256  pub      SLOT_0000                ECDH_KEY2                        
[2024-07-15 17:41:57] [User: root] 3   ECDH    256  pub      SLOT_0000                ECDH_KEY2                        
[2024-07-15 17:41:57] [User: root] 4   RSA     2048 pub+prv  SLOT_0000                RSA_DEMO_KEY                     
[2024-07-15 17:41:57] [User: root] 4   RSA     2048 pub+prv  SLOT_0000                RSA_DEMO_KEY                     
[2024-07-15 17:41:57] [User: root] Number of lines in cxitool_array: 4
[2024-07-15 17:41:57] [User: root] Number of lines in cxitool_array: 4
Result for line 1:
Group         : SLOT_0000
Name          : ECC_DEMO_KEY
Algo          : ECDSA
Size          : 256
Export        : 0x00000000
  Extractable : 0
  Sensitive   : 1
Usage         : 0x000002bf
  Encrypt     : 1
  Decrypt     : 1
  Sign        : 1
  Sign_Recov. : 1
  Verify      : 1
  Verify_Rec. : 1
  Wrap        : 1
  Unwrap      : 1
  Derive      : 1
BlockLen      : 64
Type          : pub+prv
Curve:
00  4e495354 2d503235  36                |NIST-P256       |
PubKey:
00  0499a881 f051c1b1  e3515a01 477b1cf3 |     Q   QZ G{  |
10  d585fedf 2d844245  25b66afe 57a0d07b |    - BE% j W  {|
20  2ed5b995 c31ed363  87a48fda 325e685b |.      c    2^h[|
30  82e60657 79bad14b  a42d7c0c 089d1363 |   Wy  K -|    c|
40  9b                                   |                |
Result for line 2:
Group         : SLOT_0000
Name          : ECDH_KEY1
Algo          : ECDH
Size          : 256
Export        : 0x00000000
  Extractable : 0
  Sensitive   : 1
Usage         : 0x000002bf
  Encrypt     : 1
  Decrypt     : 1
  Sign        : 1
  Sign_Recov. : 1
  Verify      : 1
  Verify_Rec. : 1
  Wrap        : 1
  Unwrap      : 1
  Derive      : 1
BlockLen      : 64
Type          : pub+prv
Label         : Key1
Curve:
00  4e495354 2d503235  36                |NIST-P256       |
PubKey:
00  04db8b14 4819fbaa  7a5b3243 7143f1fe |    H   z[2CqC  |
10  d8feafd9 64ae8823  a7cb91e1 d768760c |    d  #     hv |
20  d2260c3f 4d95c8ab  d05d7648 ab7f6495 | & ?M    ]vH  d |
30  e68ca19d c35b57cc  b012373d 69f5c43f |     [W   7=i  ?|
40  32                                   |2               |
Result for line 3:
Group         : SLOT_0000
Name          : ECDH_KEY2
Algo          : ECDH
Size          : 256
Export        : 0x00000000
  Extractable : 0
  Sensitive   : 1
Usage         : 0x00000238
  Encrypt     : 1
  Decrypt     : 0
  Sign        : 0
  Sign_Recov. : not set
  Verify      : 1
  Verify_Rec. : 1
  Wrap        : 1
  Unwrap      : 0
  Derive      : 0
BlockLen      : 64
Type          : pub
Label         : Key2
Curve:
00  4e495354 2d503235  36                |NIST-P256       |
PubKey:
00  04702d73 b399d46c  0cd02935 67577465 | p-s   l  )5gWte|
10  2a106031 3d27b88c  087bd9c8 33ba145c |* `1='   {  3  \|
20  e4737b5f a38c46ce  679f49f6 fe1f06c0 | s{_  F g I     |
30  e66717ce 24b59963  f5695e63 05110360 | g  $  c i^c   `|
40  6f                                   |o               |
Result for line 4:
Group         : SLOT_0000
Name          : RSA_DEMO_KEY
Algo          : RSA
Size          : 2048
Export        : 0x00000000
  Extractable : 0
  Sensitive   : 1
Usage         : 0x000002bb
  Encrypt     : 1
  Decrypt     : 1
  Sign        : 1
  Sign_Recov. : 1
  Verify      : 1
  Verify_Rec. : 1
  Wrap        : 1
  Unwrap      : 1
  Derive      : 0
BlockLen      : 256
Type          : pub+prv
Modulus:
0000  bd7b0276 4a534059  bfd7a900 44e974cc | { vJS@Y    D t |
0010  93a10665 fe245144  d65cdae6 b12d3b96 |   e $QD \   -; |
0020  3e0da4bf 24be6652  e4c48760 6f697708 |>   $ fR   `oiw |
0030  9d1ca35c 34b76d37  5aac37d7 6e6d9826 |   \4 m7Z 7 nm &|
0040  d371d74e e5c88a03  a0c55cd9 d5ceb141 | q N      \    A|
0050  f8475f90 4a861a66  c9e9995b ad44b900 | G_ J  f   [ D  |
0060  8414ecec ee75aa0a  ee856add 617f5316 |     u    j a S |
0070  e1bfcdfc e4f3d3c5  08da22ab 238783b5 |          " #   |
0080  e5ad6225 09751dfb  40d01867 8c9f234a |  b% u  @  g  #J|
0090  bb7fc1e0 a9424dea  68b75a8b 67d05a2e |     BM h Z g Z.|
00a0  4a6a556d c6abe5fa  ca00e61f 05bd6562 |JjUm          eb|
00b0  d1ef55df 140ed1b5  0d9ef9bf 07b75e14 |  U           ^ |
00c0  3354c274 2f0f9446  c46772ef d1cb9228 |3T t/  F gr    (|
00d0  62a6c1d8 4edfb609  6012ba29 7f938cfb |b   N   `  )    |
00e0  b8a1fca1 63180c08  1971c446 2db9948b |    c    q F-   |
00f0  97798371 91fbf916  28fd0937 b15f09bb | y q    (  7 _  |
Exponent:
00  010001                               |                |
[2024-07-15 17:41:57] [User: root] ----------------------------------------------------------------------------------------
[2024-07-15 17:41:57] [User: root] Choose function:
[2024-07-15 17:41:57] [User: root] 1. Encrypt PIN
[2024-07-15 17:41:57] [User: root] 2. Backup HSM
[2024-07-15 17:41:57] [User: root] 3. Restore HSM
[2024-07-15 17:41:57] [User: root] 4. Automatic backup all keys from HSM 3001@192.168.100.146 to 3001@192.168.100.146 
[2024-07-15 17:41:57] [User: root] 5. Exit.
[2024-07-15 17:45:26] [User: root] Exit.
[2024-07-15 17:45:36] [User: root] ----------------------------------------------------------------------------------------
[2024-07-15 17:45:36] [User: root]                           AUTOMATIC KEY SYNCING APPLICATION                             
[2024-07-15 17:45:36] [User: root] ----------------------------------------------------------------------------------------
[2024-07-15 17:45:36] [User: root] Checking current config.properties...:
[2024-07-15 17:45:36] [User: root] Source HSM IP: 3001@192.168.100.146
[2024-07-15 17:45:36] [User: root] Source SLOT: SLOT_0000
[2024-07-15 17:45:36] [User: root] Target HSM IP: 3001@192.168.100.146
[2024-07-15 17:45:36] [User: root] Target SLOT: SLOT_0000
[2024-07-15 17:58:36] [User: root] ----------------------------------------------------------------------------------------
[2024-07-15 17:58:36] [User: root]                           AUTOMATIC KEY SYNCING APPLICATION                             
[2024-07-15 17:58:36] [User: root] ----------------------------------------------------------------------------------------
[2024-07-15 17:58:36] [User: root] Checking current config.properties...:
[2024-07-15 17:58:36] [User: root] Source HSM IP: 3001@192.168.100.146
[2024-07-15 17:58:36] [User: root] Source SLOT: SLOT_0000
[2024-07-15 17:58:36] [User: root] Target HSM IP: 3001@192.168.100.146
[2024-07-15 17:58:36] [User: root] Target SLOT: SLOT_0000
[2024-07-15 17:58:36] [User: root] ----------------------------------------------------------------------------------------
[2024-07-15 17:58:36] [User: root] Choose function:
[2024-07-15 17:58:36] [User: root] 1. Encrypt PIN
[2024-07-15 17:58:36] [User: root] 2. Backup HSM
[2024-07-15 17:58:36] [User: root] 3. Restore HSM
[2024-07-15 17:58:36] [User: root] 4. Automatic backup all keys from HSM 3001@192.168.100.146 to 3001@192.168.100.146 
[2024-07-15 17:58:36] [User: root] 5. Exit.
[2024-07-15 17:58:48] [User: root] Listing keys from source HSM 3001@192.168.100.146

idx algo    size type     group                    name                             spec
----------------------------------------------------------------------------------------
1   ECDSA   256  pub+prv  SLOT_0000                ECC_DEMO_KEY                     
2   ECDH    256  pub+prv  SLOT_0000                ECDH_KEY1                        
3   ECDH    256  pub      SLOT_0000                ECDH_KEY2                        
4   RSA     2048 pub+prv  SLOT_0000                RSA_DEMO_KEY                     

[2024-07-15 17:58:48] [User: root] Backing up all keys to the current directory...
/root/SLOT_0000_ECDH_KEY2.kbk
/root/SLOT_0000_ECDH_KEY1.kbk
/root/SLOT_0000_RSA_DEMO_KEY.kbk
/root/SLOT_0000_ECC_DEMO_KEY.kbk

4 key(s) backed up
[2024-07-15 17:58:48] [User: root] Listing backup key files in the current directory
[2024-07-15 17:58:48] [User: root] ----------------------------------------------------------------------------------------
-rw-r--r--. 1 root root  308 Jul 15 16:30 SLOT_0000_ECC_DEMO_KEY.kbk
-rw-r--r--. 1 root root  313 Jul 15 16:30 SLOT_0000_ECDH_KEY1.kbk
-rw-r--r--. 1 root root  255 Jul 15 16:30 SLOT_0000_ECDH_KEY2.kbk
-rw-r--r--. 1 root root 2.4K Jul 15 16:30 SLOT_0000_RSA_DEMO_KEY.kbk
[2024-07-15 17:58:48] [User: root] ----------------------------------------------------------------------------------------
[2024-07-15 17:58:48] [User: root] Restoring all keys to target HSM 3001@192.168.100.146
[2024-07-15 17:58:48] [User: root] 1 key(s) out of 4 have been restored to HSM 3001@192.168.100.146
[2024-07-15 17:58:48] [User: root] 2 key(s) out of 4 have been restored to HSM 3001@192.168.100.146
[2024-07-15 17:58:48] [User: root] 3 key(s) out of 4 have been restored to HSM 3001@192.168.100.146
[2024-07-15 17:58:49] [User: root] 4 key(s) out of 4 have been restored to HSM 3001@192.168.100.146
[2024-07-15 17:58:49] [User: root] Listing keys from target HSM 3001@192.168.100.146

idx algo    size type     group                    name                             spec
----------------------------------------------------------------------------------------
1   ECDSA   256  pub+prv  SLOT_0000                ECC_DEMO_KEY                     
2   ECDH    256  pub+prv  SLOT_0000                ECDH_KEY1                        
3   ECDH    256  pub      SLOT_0000                ECDH_KEY2                        
4   RSA     2048 pub+prv  SLOT_0000                RSA_DEMO_KEY                     

[2024-07-15 17:58:49] [User: root] Parsed cxitool output:
[2024-07-15 17:58:49] [User: root] Parsed cxitool output:
[2024-07-15 17:58:49] [User: root] 1   ECDSA   256  pub+prv  SLOT_0000                ECC_DEMO_KEY                     
[2024-07-15 17:58:49] [User: root] 1   ECDSA   256  pub+prv  SLOT_0000                ECC_DEMO_KEY                     
[2024-07-15 17:58:49] [User: root] 2   ECDH    256  pub+prv  SLOT_0000                ECDH_KEY1                        
[2024-07-15 17:58:49] [User: root] 2   ECDH    256  pub+prv  SLOT_0000                ECDH_KEY1                        
[2024-07-15 17:58:49] [User: root] 3   ECDH    256  pub      SLOT_0000                ECDH_KEY2                        
[2024-07-15 17:58:49] [User: root] 3   ECDH    256  pub      SLOT_0000                ECDH_KEY2                        
[2024-07-15 17:58:49] [User: root] 4   RSA     2048 pub+prv  SLOT_0000                RSA_DEMO_KEY                     
[2024-07-15 17:58:49] [User: root] 4   RSA     2048 pub+prv  SLOT_0000                RSA_DEMO_KEY                     
[2024-07-15 17:58:49] [User: root] Number of lines in cxitool_array: 4
[2024-07-15 17:58:49] [User: root] Number of lines in cxitool_array: 4
Result for line 1:
Group         : SLOT_0000
Name          : ECC_DEMO_KEY
Algo          : ECDSA
Size          : 256
Export        : 0x00000000
  Extractable : 0
  Sensitive   : 1
Usage         : 0x000002bf
  Encrypt     : 1
  Decrypt     : 1
  Sign        : 1
  Sign_Recov. : 1
  Verify      : 1
  Verify_Rec. : 1
  Wrap        : 1
  Unwrap      : 1
  Derive      : 1
BlockLen      : 64
Type          : pub+prv
Curve:
00  4e495354 2d503235  36                |NIST-P256       |
PubKey:
00  0499a881 f051c1b1  e3515a01 477b1cf3 |     Q   QZ G{  |
10  d585fedf 2d844245  25b66afe 57a0d07b |    - BE% j W  {|
20  2ed5b995 c31ed363  87a48fda 325e685b |.      c    2^h[|
30  82e60657 79bad14b  a42d7c0c 089d1363 |   Wy  K -|    c|
40  9b                                   |                |
[2024-07-15 17:58:49] [User: root] Result for line 1: Group         : SLOT_0000
Name          : ECC_DEMO_KEY
Algo          : ECDSA
Size          : 256
Export        : 0x00000000
  Extractable : 0
  Sensitive   : 1
Usage         : 0x000002bf
  Encrypt     : 1
  Decrypt     : 1
  Sign        : 1
  Sign_Recov. : 1
  Verify      : 1
  Verify_Rec. : 1
  Wrap        : 1
  Unwrap      : 1
  Derive      : 1
BlockLen      : 64
Type          : pub+prv
Curve:
00  4e495354 2d503235  36                |NIST-P256       |
PubKey:
00  0499a881 f051c1b1  e3515a01 477b1cf3 |     Q   QZ G{  |
10  d585fedf 2d844245  25b66afe 57a0d07b |    - BE% j W  {|
20  2ed5b995 c31ed363  87a48fda 325e685b |.      c    2^h[|
30  82e60657 79bad14b  a42d7c0c 089d1363 |   Wy  K -|    c|
40  9b                                   |                |
[2024-07-15 17:58:49] [User: root] Result for line 1: Group         : SLOT_0000
Name          : ECC_DEMO_KEY
Algo          : ECDSA
Size          : 256
Export        : 0x00000000
  Extractable : 0
  Sensitive   : 1
Usage         : 0x000002bf
  Encrypt     : 1
  Decrypt     : 1
  Sign        : 1
  Sign_Recov. : 1
  Verify      : 1
  Verify_Rec. : 1
  Wrap        : 1
  Unwrap      : 1
  Derive      : 1
BlockLen      : 64
Type          : pub+prv
Curve:
00  4e495354 2d503235  36                |NIST-P256       |
PubKey:
00  0499a881 f051c1b1  e3515a01 477b1cf3 |     Q   QZ G{  |
10  d585fedf 2d844245  25b66afe 57a0d07b |    - BE% j W  {|
20  2ed5b995 c31ed363  87a48fda 325e685b |.      c    2^h[|
30  82e60657 79bad14b  a42d7c0c 089d1363 |   Wy  K -|    c|
40  9b                                   |                |
Result for line 2:
Group         : SLOT_0000
Name          : ECDH_KEY1
Algo          : ECDH
Size          : 256
Export        : 0x00000000
  Extractable : 0
  Sensitive   : 1
Usage         : 0x000002bf
  Encrypt     : 1
  Decrypt     : 1
  Sign        : 1
  Sign_Recov. : 1
  Verify      : 1
  Verify_Rec. : 1
  Wrap        : 1
  Unwrap      : 1
  Derive      : 1
BlockLen      : 64
Type          : pub+prv
Label         : Key1
Curve:
00  4e495354 2d503235  36                |NIST-P256       |
PubKey:
00  04db8b14 4819fbaa  7a5b3243 7143f1fe |    H   z[2CqC  |
10  d8feafd9 64ae8823  a7cb91e1 d768760c |    d  #     hv |
20  d2260c3f 4d95c8ab  d05d7648 ab7f6495 | & ?M    ]vH  d |
30  e68ca19d c35b57cc  b012373d 69f5c43f |     [W   7=i  ?|
40  32                                   |2               |
[2024-07-15 17:58:49] [User: root] Result for line 2: Group         : SLOT_0000
Name          : ECDH_KEY1
Algo          : ECDH
Size          : 256
Export        : 0x00000000
  Extractable : 0
  Sensitive   : 1
Usage         : 0x000002bf
  Encrypt     : 1
  Decrypt     : 1
  Sign        : 1
  Sign_Recov. : 1
  Verify      : 1
  Verify_Rec. : 1
  Wrap        : 1
  Unwrap      : 1
  Derive      : 1
BlockLen      : 64
Type          : pub+prv
Label         : Key1
Curve:
00  4e495354 2d503235  36                |NIST-P256       |
PubKey:
00  04db8b14 4819fbaa  7a5b3243 7143f1fe |    H   z[2CqC  |
10  d8feafd9 64ae8823  a7cb91e1 d768760c |    d  #     hv |
20  d2260c3f 4d95c8ab  d05d7648 ab7f6495 | & ?M    ]vH  d |
30  e68ca19d c35b57cc  b012373d 69f5c43f |     [W   7=i  ?|
40  32                                   |2               |
[2024-07-15 17:58:49] [User: root] Result for line 2: Group         : SLOT_0000
Name          : ECDH_KEY1
Algo          : ECDH
Size          : 256
Export        : 0x00000000
  Extractable : 0
  Sensitive   : 1
Usage         : 0x000002bf
  Encrypt     : 1
  Decrypt     : 1
  Sign        : 1
  Sign_Recov. : 1
  Verify      : 1
  Verify_Rec. : 1
  Wrap        : 1
  Unwrap      : 1
  Derive      : 1
BlockLen      : 64
Type          : pub+prv
Label         : Key1
Curve:
00  4e495354 2d503235  36                |NIST-P256       |
PubKey:
00  04db8b14 4819fbaa  7a5b3243 7143f1fe |    H   z[2CqC  |
10  d8feafd9 64ae8823  a7cb91e1 d768760c |    d  #     hv |
20  d2260c3f 4d95c8ab  d05d7648 ab7f6495 | & ?M    ]vH  d |
30  e68ca19d c35b57cc  b012373d 69f5c43f |     [W   7=i  ?|
40  32                                   |2               |
Result for line 3:
Group         : SLOT_0000
Name          : ECDH_KEY2
Algo          : ECDH
Size          : 256
Export        : 0x00000000
  Extractable : 0
  Sensitive   : 1
Usage         : 0x00000238
  Encrypt     : 1
  Decrypt     : 0
  Sign        : 0
  Sign_Recov. : not set
  Verify      : 1
  Verify_Rec. : 1
  Wrap        : 1
  Unwrap      : 0
  Derive      : 0
BlockLen      : 64
Type          : pub
Label         : Key2
Curve:
00  4e495354 2d503235  36                |NIST-P256       |
PubKey:
00  04702d73 b399d46c  0cd02935 67577465 | p-s   l  )5gWte|
10  2a106031 3d27b88c  087bd9c8 33ba145c |* `1='   {  3  \|
20  e4737b5f a38c46ce  679f49f6 fe1f06c0 | s{_  F g I     |
30  e66717ce 24b59963  f5695e63 05110360 | g  $  c i^c   `|
40  6f                                   |o               |
[2024-07-15 17:58:49] [User: root] Result for line 3: Group         : SLOT_0000
Name          : ECDH_KEY2
Algo          : ECDH
Size          : 256
Export        : 0x00000000
  Extractable : 0
  Sensitive   : 1
Usage         : 0x00000238
  Encrypt     : 1
  Decrypt     : 0
  Sign        : 0
  Sign_Recov. : not set
  Verify      : 1
  Verify_Rec. : 1
  Wrap        : 1
  Unwrap      : 0
  Derive      : 0
BlockLen      : 64
Type          : pub
Label         : Key2
Curve:
00  4e495354 2d503235  36                |NIST-P256       |
PubKey:
00  04702d73 b399d46c  0cd02935 67577465 | p-s   l  )5gWte|
10  2a106031 3d27b88c  087bd9c8 33ba145c |* `1='   {  3  \|
20  e4737b5f a38c46ce  679f49f6 fe1f06c0 | s{_  F g I     |
30  e66717ce 24b59963  f5695e63 05110360 | g  $  c i^c   `|
40  6f                                   |o               |
[2024-07-15 17:58:49] [User: root] Result for line 3: Group         : SLOT_0000
Name          : ECDH_KEY2
Algo          : ECDH
Size          : 256
Export        : 0x00000000
  Extractable : 0
  Sensitive   : 1
Usage         : 0x00000238
  Encrypt     : 1
  Decrypt     : 0
  Sign        : 0
  Sign_Recov. : not set
  Verify      : 1
  Verify_Rec. : 1
  Wrap        : 1
  Unwrap      : 0
  Derive      : 0
BlockLen      : 64
Type          : pub
Label         : Key2
Curve:
00  4e495354 2d503235  36                |NIST-P256       |
PubKey:
00  04702d73 b399d46c  0cd02935 67577465 | p-s   l  )5gWte|
10  2a106031 3d27b88c  087bd9c8 33ba145c |* `1='   {  3  \|
20  e4737b5f a38c46ce  679f49f6 fe1f06c0 | s{_  F g I     |
30  e66717ce 24b59963  f5695e63 05110360 | g  $  c i^c   `|
40  6f                                   |o               |
Result for line 4:
Group         : SLOT_0000
Name          : RSA_DEMO_KEY
Algo          : RSA
Size          : 2048
Export        : 0x00000000
  Extractable : 0
  Sensitive   : 1
Usage         : 0x000002bb
  Encrypt     : 1
  Decrypt     : 1
  Sign        : 1
  Sign_Recov. : 1
  Verify      : 1
  Verify_Rec. : 1
  Wrap        : 1
  Unwrap      : 1
  Derive      : 0
BlockLen      : 256
Type          : pub+prv
Modulus:
0000  bd7b0276 4a534059  bfd7a900 44e974cc | { vJS@Y    D t |
0010  93a10665 fe245144  d65cdae6 b12d3b96 |   e $QD \   -; |
0020  3e0da4bf 24be6652  e4c48760 6f697708 |>   $ fR   `oiw |
0030  9d1ca35c 34b76d37  5aac37d7 6e6d9826 |   \4 m7Z 7 nm &|
0040  d371d74e e5c88a03  a0c55cd9 d5ceb141 | q N      \    A|
0050  f8475f90 4a861a66  c9e9995b ad44b900 | G_ J  f   [ D  |
0060  8414ecec ee75aa0a  ee856add 617f5316 |     u    j a S |
0070  e1bfcdfc e4f3d3c5  08da22ab 238783b5 |          " #   |
0080  e5ad6225 09751dfb  40d01867 8c9f234a |  b% u  @  g  #J|
0090  bb7fc1e0 a9424dea  68b75a8b 67d05a2e |     BM h Z g Z.|
00a0  4a6a556d c6abe5fa  ca00e61f 05bd6562 |JjUm          eb|
00b0  d1ef55df 140ed1b5  0d9ef9bf 07b75e14 |  U           ^ |
00c0  3354c274 2f0f9446  c46772ef d1cb9228 |3T t/  F gr    (|
00d0  62a6c1d8 4edfb609  6012ba29 7f938cfb |b   N   `  )    |
00e0  b8a1fca1 63180c08  1971c446 2db9948b |    c    q F-   |
00f0  97798371 91fbf916  28fd0937 b15f09bb | y q    (  7 _  |
Exponent:
00  010001                               |                |
[2024-07-15 17:58:49] [User: root] Result for line 4: Group         : SLOT_0000
Name          : RSA_DEMO_KEY
Algo          : RSA
Size          : 2048
Export        : 0x00000000
  Extractable : 0
  Sensitive   : 1
Usage         : 0x000002bb
  Encrypt     : 1
  Decrypt     : 1
  Sign        : 1
  Sign_Recov. : 1
  Verify      : 1
  Verify_Rec. : 1
  Wrap        : 1
  Unwrap      : 1
  Derive      : 0
BlockLen      : 256
Type          : pub+prv
Modulus:
0000  bd7b0276 4a534059  bfd7a900 44e974cc | { vJS@Y    D t |
0010  93a10665 fe245144  d65cdae6 b12d3b96 |   e $QD \   -; |
0020  3e0da4bf 24be6652  e4c48760 6f697708 |>   $ fR   `oiw |
0030  9d1ca35c 34b76d37  5aac37d7 6e6d9826 |   \4 m7Z 7 nm &|
0040  d371d74e e5c88a03  a0c55cd9 d5ceb141 | q N      \    A|
0050  f8475f90 4a861a66  c9e9995b ad44b900 | G_ J  f   [ D  |
0060  8414ecec ee75aa0a  ee856add 617f5316 |     u    j a S |
0070  e1bfcdfc e4f3d3c5  08da22ab 238783b5 |          " #   |
0080  e5ad6225 09751dfb  40d01867 8c9f234a |  b% u  @  g  #J|
0090  bb7fc1e0 a9424dea  68b75a8b 67d05a2e |     BM h Z g Z.|
00a0  4a6a556d c6abe5fa  ca00e61f 05bd6562 |JjUm          eb|
00b0  d1ef55df 140ed1b5  0d9ef9bf 07b75e14 |  U           ^ |
00c0  3354c274 2f0f9446  c46772ef d1cb9228 |3T t/  F gr    (|
00d0  62a6c1d8 4edfb609  6012ba29 7f938cfb |b   N   `  )    |
00e0  b8a1fca1 63180c08  1971c446 2db9948b |    c    q F-   |
00f0  97798371 91fbf916  28fd0937 b15f09bb | y q    (  7 _  |
Exponent:
00  010001                               |                |
[2024-07-15 17:58:49] [User: root] Result for line 4: Group         : SLOT_0000
Name          : RSA_DEMO_KEY
Algo          : RSA
Size          : 2048
Export        : 0x00000000
  Extractable : 0
  Sensitive   : 1
Usage         : 0x000002bb
  Encrypt     : 1
  Decrypt     : 1
  Sign        : 1
  Sign_Recov. : 1
  Verify      : 1
  Verify_Rec. : 1
  Wrap        : 1
  Unwrap      : 1
  Derive      : 0
BlockLen      : 256
Type          : pub+prv
Modulus:
0000  bd7b0276 4a534059  bfd7a900 44e974cc | { vJS@Y    D t |
0010  93a10665 fe245144  d65cdae6 b12d3b96 |   e $QD \   -; |
0020  3e0da4bf 24be6652  e4c48760 6f697708 |>   $ fR   `oiw |
0030  9d1ca35c 34b76d37  5aac37d7 6e6d9826 |   \4 m7Z 7 nm &|
0040  d371d74e e5c88a03  a0c55cd9 d5ceb141 | q N      \    A|
0050  f8475f90 4a861a66  c9e9995b ad44b900 | G_ J  f   [ D  |
0060  8414ecec ee75aa0a  ee856add 617f5316 |     u    j a S |
0070  e1bfcdfc e4f3d3c5  08da22ab 238783b5 |          " #   |
0080  e5ad6225 09751dfb  40d01867 8c9f234a |  b% u  @  g  #J|
0090  bb7fc1e0 a9424dea  68b75a8b 67d05a2e |     BM h Z g Z.|
00a0  4a6a556d c6abe5fa  ca00e61f 05bd6562 |JjUm          eb|
00b0  d1ef55df 140ed1b5  0d9ef9bf 07b75e14 |  U           ^ |
00c0  3354c274 2f0f9446  c46772ef d1cb9228 |3T t/  F gr    (|
00d0  62a6c1d8 4edfb609  6012ba29 7f938cfb |b   N   `  )    |
00e0  b8a1fca1 63180c08  1971c446 2db9948b |    c    q F-   |
00f0  97798371 91fbf916  28fd0937 b15f09bb | y q    (  7 _  |
Exponent:
00  010001                               |                |
[2024-07-15 17:58:49] [User: root] All results:
[2024-07-15 17:58:49] [User: root] All results:
[2024-07-15 17:58:49] [User: root] Result for line 1: Group         : SLOT_0000
Name          : ECC_DEMO_KEY
Algo          : ECDSA
Size          : 256
Export        : 0x00000000
  Extractable : 0
  Sensitive   : 1
Usage         : 0x000002bf
  Encrypt     : 1
  Decrypt     : 1
  Sign        : 1
  Sign_Recov. : 1
  Verify      : 1
  Verify_Rec. : 1
  Wrap        : 1
  Unwrap      : 1
  Derive      : 1
BlockLen      : 64
Type          : pub+prv
Curve:
00  4e495354 2d503235  36                |NIST-P256       |
PubKey:
00  0499a881 f051c1b1  e3515a01 477b1cf3 |     Q   QZ G{  |
10  d585fedf 2d844245  25b66afe 57a0d07b |    - BE% j W  {|
20  2ed5b995 c31ed363  87a48fda 325e685b |.      c    2^h[|
30  82e60657 79bad14b  a42d7c0c 089d1363 |   Wy  K -|    c|
40  9b                                   |                |
[2024-07-15 17:58:49] [User: root] Result for line 1: Group         : SLOT_0000
Name          : ECC_DEMO_KEY
Algo          : ECDSA
Size          : 256
Export        : 0x00000000
  Extractable : 0
  Sensitive   : 1
Usage         : 0x000002bf
  Encrypt     : 1
  Decrypt     : 1
  Sign        : 1
  Sign_Recov. : 1
  Verify      : 1
  Verify_Rec. : 1
  Wrap        : 1
  Unwrap      : 1
  Derive      : 1
BlockLen      : 64
Type          : pub+prv
Curve:
00  4e495354 2d503235  36                |NIST-P256       |
PubKey:
00  0499a881 f051c1b1  e3515a01 477b1cf3 |     Q   QZ G{  |
10  d585fedf 2d844245  25b66afe 57a0d07b |    - BE% j W  {|
20  2ed5b995 c31ed363  87a48fda 325e685b |.      c    2^h[|
30  82e60657 79bad14b  a42d7c0c 089d1363 |   Wy  K -|    c|
40  9b                                   |                |
[2024-07-15 17:58:49] [User: root] Result for line 2: Group         : SLOT_0000
Name          : ECDH_KEY1
Algo          : ECDH
Size          : 256
Export        : 0x00000000
  Extractable : 0
  Sensitive   : 1
Usage         : 0x000002bf
  Encrypt     : 1
  Decrypt     : 1
  Sign        : 1
  Sign_Recov. : 1
  Verify      : 1
  Verify_Rec. : 1
  Wrap        : 1
  Unwrap      : 1
  Derive      : 1
BlockLen      : 64
Type          : pub+prv
Label         : Key1
Curve:
00  4e495354 2d503235  36                |NIST-P256       |
PubKey:
00  04db8b14 4819fbaa  7a5b3243 7143f1fe |    H   z[2CqC  |
10  d8feafd9 64ae8823  a7cb91e1 d768760c |    d  #     hv |
20  d2260c3f 4d95c8ab  d05d7648 ab7f6495 | & ?M    ]vH  d |
30  e68ca19d c35b57cc  b012373d 69f5c43f |     [W   7=i  ?|
40  32                                   |2               |
[2024-07-15 17:58:49] [User: root] Result for line 2: Group         : SLOT_0000
Name          : ECDH_KEY1
Algo          : ECDH
Size          : 256
Export        : 0x00000000
  Extractable : 0
  Sensitive   : 1
Usage         : 0x000002bf
  Encrypt     : 1
  Decrypt     : 1
  Sign        : 1
  Sign_Recov. : 1
  Verify      : 1
  Verify_Rec. : 1
  Wrap        : 1
  Unwrap      : 1
  Derive      : 1
BlockLen      : 64
Type          : pub+prv
Label         : Key1
Curve:
00  4e495354 2d503235  36                |NIST-P256       |
PubKey:
00  04db8b14 4819fbaa  7a5b3243 7143f1fe |    H   z[2CqC  |
10  d8feafd9 64ae8823  a7cb91e1 d768760c |    d  #     hv |
20  d2260c3f 4d95c8ab  d05d7648 ab7f6495 | & ?M    ]vH  d |
30  e68ca19d c35b57cc  b012373d 69f5c43f |     [W   7=i  ?|
40  32                                   |2               |
[2024-07-15 17:58:49] [User: root] Result for line 3: Group         : SLOT_0000
Name          : ECDH_KEY2
Algo          : ECDH
Size          : 256
Export        : 0x00000000
  Extractable : 0
  Sensitive   : 1
Usage         : 0x00000238
  Encrypt     : 1
  Decrypt     : 0
  Sign        : 0
  Sign_Recov. : not set
  Verify      : 1
  Verify_Rec. : 1
  Wrap        : 1
  Unwrap      : 0
  Derive      : 0
BlockLen      : 64
Type          : pub
Label         : Key2
Curve:
00  4e495354 2d503235  36                |NIST-P256       |
PubKey:
00  04702d73 b399d46c  0cd02935 67577465 | p-s   l  )5gWte|
10  2a106031 3d27b88c  087bd9c8 33ba145c |* `1='   {  3  \|
20  e4737b5f a38c46ce  679f49f6 fe1f06c0 | s{_  F g I     |
30  e66717ce 24b59963  f5695e63 05110360 | g  $  c i^c   `|
40  6f                                   |o               |
[2024-07-15 17:58:49] [User: root] Result for line 3: Group         : SLOT_0000
Name          : ECDH_KEY2
Algo          : ECDH
Size          : 256
Export        : 0x00000000
  Extractable : 0
  Sensitive   : 1
Usage         : 0x00000238
  Encrypt     : 1
  Decrypt     : 0
  Sign        : 0
  Sign_Recov. : not set
  Verify      : 1
  Verify_Rec. : 1
  Wrap        : 1
  Unwrap      : 0
  Derive      : 0
BlockLen      : 64
Type          : pub
Label         : Key2
Curve:
00  4e495354 2d503235  36                |NIST-P256       |
PubKey:
00  04702d73 b399d46c  0cd02935 67577465 | p-s   l  )5gWte|
10  2a106031 3d27b88c  087bd9c8 33ba145c |* `1='   {  3  \|
20  e4737b5f a38c46ce  679f49f6 fe1f06c0 | s{_  F g I     |
30  e66717ce 24b59963  f5695e63 05110360 | g  $  c i^c   `|
40  6f                                   |o               |
[2024-07-15 17:58:49] [User: root] Result for line 4: Group         : SLOT_0000
Name          : RSA_DEMO_KEY
Algo          : RSA
Size          : 2048
Export        : 0x00000000
  Extractable : 0
  Sensitive   : 1
Usage         : 0x000002bb
  Encrypt     : 1
  Decrypt     : 1
  Sign        : 1
  Sign_Recov. : 1
  Verify      : 1
  Verify_Rec. : 1
  Wrap        : 1
  Unwrap      : 1
  Derive      : 0
BlockLen      : 256
Type          : pub+prv
Modulus:
0000  bd7b0276 4a534059  bfd7a900 44e974cc | { vJS@Y    D t |
0010  93a10665 fe245144  d65cdae6 b12d3b96 |   e $QD \   -; |
0020  3e0da4bf 24be6652  e4c48760 6f697708 |>   $ fR   `oiw |
0030  9d1ca35c 34b76d37  5aac37d7 6e6d9826 |   \4 m7Z 7 nm &|
0040  d371d74e e5c88a03  a0c55cd9 d5ceb141 | q N      \    A|
0050  f8475f90 4a861a66  c9e9995b ad44b900 | G_ J  f   [ D  |
0060  8414ecec ee75aa0a  ee856add 617f5316 |     u    j a S |
0070  e1bfcdfc e4f3d3c5  08da22ab 238783b5 |          " #   |
0080  e5ad6225 09751dfb  40d01867 8c9f234a |  b% u  @  g  #J|
0090  bb7fc1e0 a9424dea  68b75a8b 67d05a2e |     BM h Z g Z.|
00a0  4a6a556d c6abe5fa  ca00e61f 05bd6562 |JjUm          eb|
00b0  d1ef55df 140ed1b5  0d9ef9bf 07b75e14 |  U           ^ |
00c0  3354c274 2f0f9446  c46772ef d1cb9228 |3T t/  F gr    (|
00d0  62a6c1d8 4edfb609  6012ba29 7f938cfb |b   N   `  )    |
00e0  b8a1fca1 63180c08  1971c446 2db9948b |    c    q F-   |
00f0  97798371 91fbf916  28fd0937 b15f09bb | y q    (  7 _  |
Exponent:
00  010001                               |                |
[2024-07-15 17:58:49] [User: root] Result for line 4: Group         : SLOT_0000
Name          : RSA_DEMO_KEY
Algo          : RSA
Size          : 2048
Export        : 0x00000000
  Extractable : 0
  Sensitive   : 1
Usage         : 0x000002bb
  Encrypt     : 1
  Decrypt     : 1
  Sign        : 1
  Sign_Recov. : 1
  Verify      : 1
  Verify_Rec. : 1
  Wrap        : 1
  Unwrap      : 1
  Derive      : 0
BlockLen      : 256
Type          : pub+prv
Modulus:
0000  bd7b0276 4a534059  bfd7a900 44e974cc | { vJS@Y    D t |
0010  93a10665 fe245144  d65cdae6 b12d3b96 |   e $QD \   -; |
0020  3e0da4bf 24be6652  e4c48760 6f697708 |>   $ fR   `oiw |
0030  9d1ca35c 34b76d37  5aac37d7 6e6d9826 |   \4 m7Z 7 nm &|
0040  d371d74e e5c88a03  a0c55cd9 d5ceb141 | q N      \    A|
0050  f8475f90 4a861a66  c9e9995b ad44b900 | G_ J  f   [ D  |
0060  8414ecec ee75aa0a  ee856add 617f5316 |     u    j a S |
0070  e1bfcdfc e4f3d3c5  08da22ab 238783b5 |          " #   |
0080  e5ad6225 09751dfb  40d01867 8c9f234a |  b% u  @  g  #J|
0090  bb7fc1e0 a9424dea  68b75a8b 67d05a2e |     BM h Z g Z.|
00a0  4a6a556d c6abe5fa  ca00e61f 05bd6562 |JjUm          eb|
00b0  d1ef55df 140ed1b5  0d9ef9bf 07b75e14 |  U           ^ |
00c0  3354c274 2f0f9446  c46772ef d1cb9228 |3T t/  F gr    (|
00d0  62a6c1d8 4edfb609  6012ba29 7f938cfb |b   N   `  )    |
00e0  b8a1fca1 63180c08  1971c446 2db9948b |    c    q F-   |
00f0  97798371 91fbf916  28fd0937 b15f09bb | y q    (  7 _  |
Exponent:
00  010001                               |                |
[2024-07-15 17:58:49] [User: root] ----------------------------------------------------------------------------------------
[2024-07-15 17:58:49] [User: root] Choose function:
[2024-07-15 17:58:49] [User: root] 1. Encrypt PIN
[2024-07-15 17:58:49] [User: root] 2. Backup HSM
[2024-07-15 17:58:49] [User: root] 3. Restore HSM
[2024-07-15 17:58:49] [User: root] 4. Automatic backup all keys from HSM 3001@192.168.100.146 to 3001@192.168.100.146 
[2024-07-15 17:58:49] [User: root] 5. Exit.
[2024-07-15 18:03:33] [User: root] Exit.
[2024-07-15 18:03:41] [User: root] ----------------------------------------------------------------------------------------
[2024-07-15 18:03:41] [User: root]                           AUTOMATIC KEY SYNCING APPLICATION                             
[2024-07-15 18:03:41] [User: root] ----------------------------------------------------------------------------------------
[2024-07-15 18:03:41] [User: root] Checking current config.properties...:
[2024-07-15 18:03:41] [User: root] Source HSM IP: 3001@192.168.100.146
[2024-07-15 18:03:41] [User: root] Source SLOT: SLOT_0000
[2024-07-15 18:03:41] [User: root] Target HSM IP: 3001@192.168.100.146
[2024-07-15 18:03:41] [User: root] Target SLOT: SLOT_0000
[2024-07-15 18:03:41] [User: root] ----------------------------------------------------------------------------------------
[2024-07-15 18:03:41] [User: root] Choose function:
[2024-07-15 18:03:41] [User: root] 1. Encrypt PIN
[2024-07-15 18:03:41] [User: root] 2. Backup HSM
[2024-07-15 18:03:41] [User: root] 3. Restore HSM
[2024-07-15 18:03:41] [User: root] 4. Automatic backup all keys from HSM 3001@192.168.100.146 to 3001@192.168.100.146 
[2024-07-15 18:03:41] [User: root] 5. Exit.
[2024-07-15 18:03:43] [User: root] Listing keys from source HSM 3001@192.168.100.146

idx algo    size type     group                    name                             spec
----------------------------------------------------------------------------------------
1   ECDSA   256  pub+prv  SLOT_0000                ECC_DEMO_KEY                     
2   ECDH    256  pub+prv  SLOT_0000                ECDH_KEY1                        
3   ECDH    256  pub      SLOT_0000                ECDH_KEY2                        
4   RSA     2048 pub+prv  SLOT_0000                RSA_DEMO_KEY                     

[2024-07-15 18:03:43] [User: root] Backing up all keys to the current directory...
/root/SLOT_0000_ECDH_KEY2.kbk
/root/SLOT_0000_ECDH_KEY1.kbk
/root/SLOT_0000_RSA_DEMO_KEY.kbk
/root/SLOT_0000_ECC_DEMO_KEY.kbk

4 key(s) backed up
[2024-07-15 18:03:43] [User: root] Listing backup key files in the current directory
[2024-07-15 18:03:43] [User: root] ----------------------------------------------------------------------------------------
-rw-r--r--. 1 root root  308 Jul 15 16:30 SLOT_0000_ECC_DEMO_KEY.kbk
-rw-r--r--. 1 root root  313 Jul 15 16:30 SLOT_0000_ECDH_KEY1.kbk
-rw-r--r--. 1 root root  255 Jul 15 16:30 SLOT_0000_ECDH_KEY2.kbk
-rw-r--r--. 1 root root 2.4K Jul 15 16:30 SLOT_0000_RSA_DEMO_KEY.kbk
[2024-07-15 18:03:43] [User: root] ----------------------------------------------------------------------------------------
[2024-07-15 18:03:43] [User: root] Restoring all keys to target HSM 3001@192.168.100.146
[2024-07-15 18:03:44] [User: root] 1 key(s) out of 4 have been restored to HSM 3001@192.168.100.146
[2024-07-15 18:03:44] [User: root] 2 key(s) out of 4 have been restored to HSM 3001@192.168.100.146
[2024-07-15 18:03:44] [User: root] 3 key(s) out of 4 have been restored to HSM 3001@192.168.100.146
[2024-07-15 18:03:44] [User: root] 4 key(s) out of 4 have been restored to HSM 3001@192.168.100.146
[2024-07-15 18:03:44] [User: root] Listing keys from target HSM 3001@192.168.100.146

idx algo    size type     group                    name                             spec
----------------------------------------------------------------------------------------
1   ECDSA   256  pub+prv  SLOT_0000                ECC_DEMO_KEY                     
2   ECDH    256  pub+prv  SLOT_0000                ECDH_KEY1                        
3   ECDH    256  pub      SLOT_0000                ECDH_KEY2                        
4   RSA     2048 pub+prv  SLOT_0000                RSA_DEMO_KEY                     

[2024-07-15 18:03:45] [User: root] Parsed cxitool output:
[2024-07-15 18:03:45] [User: root] Parsed cxitool output:
[2024-07-15 18:03:45] [User: root] 1   ECDSA   256  pub+prv  SLOT_0000                ECC_DEMO_KEY                     
[2024-07-15 18:03:45] [User: root] 1   ECDSA   256  pub+prv  SLOT_0000                ECC_DEMO_KEY                     
[2024-07-15 18:03:45] [User: root] 2   ECDH    256  pub+prv  SLOT_0000                ECDH_KEY1                        
[2024-07-15 18:03:45] [User: root] 2   ECDH    256  pub+prv  SLOT_0000                ECDH_KEY1                        
[2024-07-15 18:03:45] [User: root] 3   ECDH    256  pub      SLOT_0000                ECDH_KEY2                        
[2024-07-15 18:03:45] [User: root] 3   ECDH    256  pub      SLOT_0000                ECDH_KEY2                        
[2024-07-15 18:03:45] [User: root] 4   RSA     2048 pub+prv  SLOT_0000                RSA_DEMO_KEY                     
[2024-07-15 18:03:45] [User: root] 4   RSA     2048 pub+prv  SLOT_0000                RSA_DEMO_KEY                     
[2024-07-15 18:03:45] [User: root] Number of lines in cxitool_array: 4
[2024-07-15 18:03:45] [User: root] Number of lines in cxitool_array: 4
All keypair details:
Keyinfo 1: Group         : SLOT_0000
Name          : ECC_DEMO_KEY
Algo          : ECDSA
Size          : 256
Export        : 0x00000000
  Extractable : 0
  Sensitive   : 1
Usage         : 0x000002bf
  Encrypt     : 1
  Decrypt     : 1
  Sign        : 1
  Sign_Recov. : 1
  Verify      : 1
  Verify_Rec. : 1
  Wrap        : 1
  Unwrap      : 1
  Derive      : 1
BlockLen      : 64
Type          : pub+prv
Curve:
00  4e495354 2d503235  36                |NIST-P256       |
PubKey:
00  0499a881 f051c1b1  e3515a01 477b1cf3 |     Q   QZ G{  |
10  d585fedf 2d844245  25b66afe 57a0d07b |    - BE% j W  {|
20  2ed5b995 c31ed363  87a48fda 325e685b |.      c    2^h[|
30  82e60657 79bad14b  a42d7c0c 089d1363 |   Wy  K -|    c|
40  9b                                   |                |
Keyinfo 2: Group         : SLOT_0000
Name          : ECDH_KEY1
Algo          : ECDH
Size          : 256
Export        : 0x00000000
  Extractable : 0
  Sensitive   : 1
Usage         : 0x000002bf
  Encrypt     : 1
  Decrypt     : 1
  Sign        : 1
  Sign_Recov. : 1
  Verify      : 1
  Verify_Rec. : 1
  Wrap        : 1
  Unwrap      : 1
  Derive      : 1
BlockLen      : 64
Type          : pub+prv
Label         : Key1
Curve:
00  4e495354 2d503235  36                |NIST-P256       |
PubKey:
00  04db8b14 4819fbaa  7a5b3243 7143f1fe |    H   z[2CqC  |
10  d8feafd9 64ae8823  a7cb91e1 d768760c |    d  #     hv |
20  d2260c3f 4d95c8ab  d05d7648 ab7f6495 | & ?M    ]vH  d |
30  e68ca19d c35b57cc  b012373d 69f5c43f |     [W   7=i  ?|
40  32                                   |2               |
Keyinfo 3: Group         : SLOT_0000
Name          : ECDH_KEY2
Algo          : ECDH
Size          : 256
Export        : 0x00000000
  Extractable : 0
  Sensitive   : 1
Usage         : 0x00000238
  Encrypt     : 1
  Decrypt     : 0
  Sign        : 0
  Sign_Recov. : not set
  Verify      : 1
  Verify_Rec. : 1
  Wrap        : 1
  Unwrap      : 0
  Derive      : 0
BlockLen      : 64
Type          : pub
Label         : Key2
Curve:
00  4e495354 2d503235  36                |NIST-P256       |
PubKey:
00  04702d73 b399d46c  0cd02935 67577465 | p-s   l  )5gWte|
10  2a106031 3d27b88c  087bd9c8 33ba145c |* `1='   {  3  \|
20  e4737b5f a38c46ce  679f49f6 fe1f06c0 | s{_  F g I     |
30  e66717ce 24b59963  f5695e63 05110360 | g  $  c i^c   `|
40  6f                                   |o               |
Keyinfo 4: Group         : SLOT_0000
Name          : RSA_DEMO_KEY
Algo          : RSA
Size          : 2048
Export        : 0x00000000
  Extractable : 0
  Sensitive   : 1
Usage         : 0x000002bb
  Encrypt     : 1
  Decrypt     : 1
  Sign        : 1
  Sign_Recov. : 1
  Verify      : 1
  Verify_Rec. : 1
  Wrap        : 1
  Unwrap      : 1
  Derive      : 0
BlockLen      : 256
Type          : pub+prv
Modulus:
0000  bd7b0276 4a534059  bfd7a900 44e974cc | { vJS@Y    D t |
0010  93a10665 fe245144  d65cdae6 b12d3b96 |   e $QD \   -; |
0020  3e0da4bf 24be6652  e4c48760 6f697708 |>   $ fR   `oiw |
0030  9d1ca35c 34b76d37  5aac37d7 6e6d9826 |   \4 m7Z 7 nm &|
0040  d371d74e e5c88a03  a0c55cd9 d5ceb141 | q N      \    A|
0050  f8475f90 4a861a66  c9e9995b ad44b900 | G_ J  f   [ D  |
0060  8414ecec ee75aa0a  ee856add 617f5316 |     u    j a S |
0070  e1bfcdfc e4f3d3c5  08da22ab 238783b5 |          " #   |
0080  e5ad6225 09751dfb  40d01867 8c9f234a |  b% u  @  g  #J|
0090  bb7fc1e0 a9424dea  68b75a8b 67d05a2e |     BM h Z g Z.|
00a0  4a6a556d c6abe5fa  ca00e61f 05bd6562 |JjUm          eb|
00b0  d1ef55df 140ed1b5  0d9ef9bf 07b75e14 |  U           ^ |
00c0  3354c274 2f0f9446  c46772ef d1cb9228 |3T t/  F gr    (|
00d0  62a6c1d8 4edfb609  6012ba29 7f938cfb |b   N   `  )    |
00e0  b8a1fca1 63180c08  1971c446 2db9948b |    c    q F-   |
00f0  97798371 91fbf916  28fd0937 b15f09bb | y q    (  7 _  |
Exponent:
00  010001                               |                |
[2024-07-15 18:03:46] [User: root] ----------------------------------------------------------------------------------------
[2024-07-15 18:03:46] [User: root] Choose function:
[2024-07-15 18:03:46] [User: root] 1. Encrypt PIN
[2024-07-15 18:03:46] [User: root] 2. Backup HSM
[2024-07-15 18:03:46] [User: root] 3. Restore HSM
[2024-07-15 18:03:46] [User: root] 4. Automatic backup all keys from HSM 3001@192.168.100.146 to 3001@192.168.100.146 
[2024-07-15 18:03:46] [User: root] 5. Exit.
